{"/Users/agustincassani/Documents/projects/surfercoder/imi/IMI/app/(app)/index.tsx": {"path":"/Users/agustincassani/Documents/projects/surfercoder/imi/IMI/app/(app)/index.tsx","all":false,"statementMap":{"0":{"start":{"line":1,"column":0},"end":{"line":1,"column":53}},"1":{"start":{"line":2,"column":0},"end":{"line":2,"column":8}},"2":{"start":{"line":3,"column":0},"end":{"line":3,"column":7}},"3":{"start":{"line":4,"column":0},"end":{"line":4,"column":7}},"4":{"start":{"line":5,"column":0},"end":{"line":5,"column":13}},"5":{"start":{"line":6,"column":0},"end":{"line":6,"column":13}},"6":{"start":{"line":7,"column":0},"end":{"line":7,"column":17}},"7":{"start":{"line":8,"column":0},"end":{"line":8,"column":19}},"8":{"start":{"line":9,"column":0},"end":{"line":9,"column":20}},"9":{"start":{"line":10,"column":0},"end":{"line":10,"column":22}},"10":{"start":{"line":11,"column":0},"end":{"line":11,"column":53}},"11":{"start":{"line":12,"column":0},"end":{"line":12,"column":48}},"12":{"start":{"line":13,"column":0},"end":{"line":13,"column":50}},"13":{"start":{"line":14,"column":0},"end":{"line":14,"column":48}},"14":{"start":{"line":15,"column":0},"end":{"line":15,"column":54}},"15":{"start":{"line":16,"column":0},"end":{"line":16,"column":0}},"16":{"start":{"line":17,"column":0},"end":{"line":17,"column":22}},"17":{"start":{"line":18,"column":0},"end":{"line":18,"column":14}},"18":{"start":{"line":19,"column":0},"end":{"line":19,"column":22}},"19":{"start":{"line":20,"column":0},"end":{"line":20,"column":26}},"20":{"start":{"line":21,"column":0},"end":{"line":21,"column":28}},"21":{"start":{"line":22,"column":0},"end":{"line":22,"column":15}},"22":{"start":{"line":23,"column":0},"end":{"line":23,"column":4}},"23":{"start":{"line":24,"column":0},"end":{"line":24,"column":15}},"24":{"start":{"line":25,"column":0},"end":{"line":25,"column":24}},"25":{"start":{"line":26,"column":0},"end":{"line":26,"column":23}},"26":{"start":{"line":27,"column":0},"end":{"line":27,"column":25}},"27":{"start":{"line":28,"column":0},"end":{"line":28,"column":14}},"28":{"start":{"line":29,"column":0},"end":{"line":29,"column":4}},"29":{"start":{"line":30,"column":0},"end":{"line":30,"column":14}},"30":{"start":{"line":31,"column":0},"end":{"line":31,"column":24}},"31":{"start":{"line":32,"column":0},"end":{"line":32,"column":26}},"32":{"start":{"line":33,"column":0},"end":{"line":33,"column":28}},"33":{"start":{"line":34,"column":0},"end":{"line":34,"column":14}},"34":{"start":{"line":35,"column":0},"end":{"line":35,"column":4}},"35":{"start":{"line":36,"column":0},"end":{"line":36,"column":10}},"36":{"start":{"line":37,"column":0},"end":{"line":37,"column":19}},"37":{"start":{"line":38,"column":0},"end":{"line":38,"column":30}},"38":{"start":{"line":39,"column":0},"end":{"line":39,"column":32}},"39":{"start":{"line":40,"column":0},"end":{"line":40,"column":14}},"40":{"start":{"line":41,"column":0},"end":{"line":41,"column":4}},"41":{"start":{"line":42,"column":0},"end":{"line":42,"column":2}},"42":{"start":{"line":43,"column":0},"end":{"line":43,"column":0}},"43":{"start":{"line":44,"column":0},"end":{"line":44,"column":38}},"44":{"start":{"line":45,"column":0},"end":{"line":45,"column":38}},"45":{"start":{"line":46,"column":0},"end":{"line":46,"column":69}},"46":{"start":{"line":47,"column":0},"end":{"line":47,"column":47}},"47":{"start":{"line":48,"column":0},"end":{"line":48,"column":54}},"48":{"start":{"line":49,"column":0},"end":{"line":49,"column":0}},"49":{"start":{"line":50,"column":0},"end":{"line":50,"column":49}},"50":{"start":{"line":51,"column":0},"end":{"line":51,"column":39}},"51":{"start":{"line":52,"column":0},"end":{"line":52,"column":22}},"52":{"start":{"line":53,"column":0},"end":{"line":53,"column":55}},"53":{"start":{"line":54,"column":0},"end":{"line":54,"column":5}},"54":{"start":{"line":55,"column":0},"end":{"line":55,"column":22}},"55":{"start":{"line":56,"column":0},"end":{"line":56,"column":25}},"56":{"start":{"line":57,"column":0},"end":{"line":57,"column":9}},"57":{"start":{"line":58,"column":0},"end":{"line":58,"column":0}},"58":{"start":{"line":59,"column":0},"end":{"line":59,"column":17}},"59":{"start":{"line":60,"column":0},"end":{"line":60,"column":23}},"60":{"start":{"line":61,"column":0},"end":{"line":61,"column":23}},"61":{"start":{"line":62,"column":0},"end":{"line":62,"column":22}},"62":{"start":{"line":63,"column":0},"end":{"line":63,"column":23}},"63":{"start":{"line":64,"column":0},"end":{"line":64,"column":4}},"64":{"start":{"line":65,"column":0},"end":{"line":65,"column":0}},"65":{"start":{"line":66,"column":0},"end":{"line":66,"column":27}},"66":{"start":{"line":67,"column":0},"end":{"line":67,"column":24}},"67":{"start":{"line":68,"column":0},"end":{"line":68,"column":20}},"68":{"start":{"line":69,"column":0},"end":{"line":69,"column":4}},"69":{"start":{"line":70,"column":0},"end":{"line":70,"column":0}},"70":{"start":{"line":71,"column":0},"end":{"line":71,"column":81}},"71":{"start":{"line":72,"column":0},"end":{"line":72,"column":83}},"72":{"start":{"line":73,"column":0},"end":{"line":73,"column":73}},"73":{"start":{"line":74,"column":0},"end":{"line":74,"column":0}},"74":{"start":{"line":75,"column":0},"end":{"line":75,"column":43}},"75":{"start":{"line":76,"column":0},"end":{"line":76,"column":58}},"76":{"start":{"line":77,"column":0},"end":{"line":77,"column":21}},"77":{"start":{"line":78,"column":0},"end":{"line":78,"column":21}},"78":{"start":{"line":79,"column":0},"end":{"line":79,"column":22}},"79":{"start":{"line":80,"column":0},"end":{"line":80,"column":22}},"80":{"start":{"line":81,"column":0},"end":{"line":81,"column":24}},"81":{"start":{"line":82,"column":0},"end":{"line":82,"column":7}},"82":{"start":{"line":83,"column":0},"end":{"line":83,"column":4}},"83":{"start":{"line":84,"column":0},"end":{"line":84,"column":0}},"84":{"start":{"line":85,"column":0},"end":{"line":85,"column":10}},"85":{"start":{"line":86,"column":0},"end":{"line":86,"column":35}},"86":{"start":{"line":87,"column":0},"end":{"line":87,"column":34}},"87":{"start":{"line":88,"column":0},"end":{"line":88,"column":14}},"88":{"start":{"line":89,"column":0},"end":{"line":89,"column":53}},"89":{"start":{"line":90,"column":0},"end":{"line":90,"column":63}},"90":{"start":{"line":91,"column":0},"end":{"line":91,"column":15}},"91":{"start":{"line":92,"column":0},"end":{"line":92,"column":41}},"92":{"start":{"line":93,"column":0},"end":{"line":93,"column":59}},"93":{"start":{"line":94,"column":0},"end":{"line":94,"column":25}},"94":{"start":{"line":95,"column":0},"end":{"line":95,"column":17}},"95":{"start":{"line":96,"column":0},"end":{"line":96,"column":71}},"96":{"start":{"line":97,"column":0},"end":{"line":97,"column":56}},"97":{"start":{"line":98,"column":0},"end":{"line":98,"column":29}},"98":{"start":{"line":99,"column":0},"end":{"line":99,"column":15}},"99":{"start":{"line":100,"column":0},"end":{"line":100,"column":13}},"100":{"start":{"line":101,"column":0},"end":{"line":101,"column":0}},"101":{"start":{"line":102,"column":0},"end":{"line":102,"column":17}},"102":{"start":{"line":103,"column":0},"end":{"line":103,"column":29}},"103":{"start":{"line":104,"column":0},"end":{"line":104,"column":52}},"104":{"start":{"line":105,"column":0},"end":{"line":105,"column":24}},"105":{"start":{"line":106,"column":0},"end":{"line":106,"column":25}},"106":{"start":{"line":107,"column":0},"end":{"line":107,"column":35}},"107":{"start":{"line":108,"column":0},"end":{"line":108,"column":33}},"108":{"start":{"line":109,"column":0},"end":{"line":109,"column":38}},"109":{"start":{"line":110,"column":0},"end":{"line":110,"column":12}},"110":{"start":{"line":111,"column":0},"end":{"line":111,"column":9}},"111":{"start":{"line":112,"column":0},"end":{"line":112,"column":7}},"112":{"start":{"line":113,"column":0},"end":{"line":113,"column":38}},"113":{"start":{"line":114,"column":0},"end":{"line":114,"column":56}},"114":{"start":{"line":115,"column":0},"end":{"line":115,"column":68}},"115":{"start":{"line":116,"column":0},"end":{"line":116,"column":55}},"116":{"start":{"line":117,"column":0},"end":{"line":117,"column":17}},"117":{"start":{"line":118,"column":0},"end":{"line":118,"column":56}},"118":{"start":{"line":119,"column":0},"end":{"line":119,"column":73}},"119":{"start":{"line":120,"column":0},"end":{"line":120,"column":30}},"120":{"start":{"line":121,"column":0},"end":{"line":121,"column":19}},"121":{"start":{"line":122,"column":0},"end":{"line":122,"column":61}},"122":{"start":{"line":123,"column":0},"end":{"line":123,"column":17}},"123":{"start":{"line":124,"column":0},"end":{"line":124,"column":56}},"124":{"start":{"line":125,"column":0},"end":{"line":125,"column":17}},"125":{"start":{"line":126,"column":0},"end":{"line":126,"column":22}},"126":{"start":{"line":127,"column":0},"end":{"line":127,"column":34}},"127":{"start":{"line":128,"column":0},"end":{"line":128,"column":17}},"128":{"start":{"line":129,"column":0},"end":{"line":129,"column":78}},"129":{"start":{"line":130,"column":0},"end":{"line":130,"column":18}},"130":{"start":{"line":131,"column":0},"end":{"line":131,"column":16}},"131":{"start":{"line":132,"column":0},"end":{"line":132,"column":13}},"132":{"start":{"line":133,"column":0},"end":{"line":133,"column":61}},"133":{"start":{"line":134,"column":0},"end":{"line":134,"column":19}},"134":{"start":{"line":135,"column":0},"end":{"line":135,"column":43}},"135":{"start":{"line":136,"column":0},"end":{"line":136,"column":57}},"136":{"start":{"line":137,"column":0},"end":{"line":137,"column":19}},"137":{"start":{"line":138,"column":0},"end":{"line":138,"column":17}},"138":{"start":{"line":139,"column":0},"end":{"line":139,"column":15}},"139":{"start":{"line":140,"column":0},"end":{"line":140,"column":0}},"140":{"start":{"line":141,"column":0},"end":{"line":141,"column":43}},"141":{"start":{"line":142,"column":0},"end":{"line":142,"column":69}},"142":{"start":{"line":143,"column":0},"end":{"line":143,"column":27}},"143":{"start":{"line":144,"column":0},"end":{"line":144,"column":33}},"144":{"start":{"line":145,"column":0},"end":{"line":145,"column":57}},"145":{"start":{"line":146,"column":0},"end":{"line":146,"column":31}},"146":{"start":{"line":147,"column":0},"end":{"line":147,"column":11}},"147":{"start":{"line":148,"column":0},"end":{"line":148,"column":58}},"148":{"start":{"line":149,"column":0},"end":{"line":149,"column":29}},"149":{"start":{"line":150,"column":0},"end":{"line":150,"column":15}},"150":{"start":{"line":151,"column":0},"end":{"line":151,"column":0}},"151":{"start":{"line":152,"column":0},"end":{"line":152,"column":20}},"152":{"start":{"line":153,"column":0},"end":{"line":153,"column":45}},"153":{"start":{"line":154,"column":0},"end":{"line":154,"column":56}},"154":{"start":{"line":155,"column":0},"end":{"line":155,"column":17}},"155":{"start":{"line":156,"column":0},"end":{"line":156,"column":37}},"156":{"start":{"line":157,"column":0},"end":{"line":157,"column":42}},"157":{"start":{"line":158,"column":0},"end":{"line":158,"column":52}},"158":{"start":{"line":159,"column":0},"end":{"line":159,"column":67}},"159":{"start":{"line":160,"column":0},"end":{"line":160,"column":43}},"160":{"start":{"line":161,"column":0},"end":{"line":161,"column":63}},"161":{"start":{"line":162,"column":0},"end":{"line":162,"column":19}},"162":{"start":{"line":163,"column":0},"end":{"line":163,"column":29}},"163":{"start":{"line":164,"column":0},"end":{"line":164,"column":37}},"164":{"start":{"line":165,"column":0},"end":{"line":165,"column":59}},"165":{"start":{"line":166,"column":0},"end":{"line":166,"column":13}},"166":{"start":{"line":167,"column":0},"end":{"line":167,"column":70}},"167":{"start":{"line":168,"column":0},"end":{"line":168,"column":31}},"168":{"start":{"line":169,"column":0},"end":{"line":169,"column":17}},"169":{"start":{"line":170,"column":0},"end":{"line":170,"column":13}},"170":{"start":{"line":171,"column":0},"end":{"line":171,"column":36}},"171":{"start":{"line":172,"column":0},"end":{"line":172,"column":40}},"172":{"start":{"line":173,"column":0},"end":{"line":173,"column":28}},"173":{"start":{"line":174,"column":0},"end":{"line":174,"column":76}},"174":{"start":{"line":175,"column":0},"end":{"line":175,"column":35}},"175":{"start":{"line":176,"column":0},"end":{"line":176,"column":26}},"176":{"start":{"line":177,"column":0},"end":{"line":177,"column":46}},"177":{"start":{"line":178,"column":0},"end":{"line":178,"column":43}},"178":{"start":{"line":179,"column":0},"end":{"line":179,"column":45}},"179":{"start":{"line":180,"column":0},"end":{"line":180,"column":0}},"180":{"start":{"line":181,"column":0},"end":{"line":181,"column":22}},"181":{"start":{"line":182,"column":0},"end":{"line":182,"column":33}},"182":{"start":{"line":183,"column":0},"end":{"line":183,"column":34}},"183":{"start":{"line":184,"column":0},"end":{"line":184,"column":44}},"184":{"start":{"line":185,"column":0},"end":{"line":185,"column":58}},"185":{"start":{"line":186,"column":0},"end":{"line":186,"column":37}},"186":{"start":{"line":187,"column":0},"end":{"line":187,"column":17}},"187":{"start":{"line":188,"column":0},"end":{"line":188,"column":53}},"188":{"start":{"line":189,"column":0},"end":{"line":189,"column":59}},"189":{"start":{"line":190,"column":0},"end":{"line":190,"column":73}},"190":{"start":{"line":191,"column":0},"end":{"line":191,"column":27}},"191":{"start":{"line":192,"column":0},"end":{"line":192,"column":25}},"192":{"start":{"line":193,"column":0},"end":{"line":193,"column":51}},"193":{"start":{"line":194,"column":0},"end":{"line":194,"column":52}},"194":{"start":{"line":195,"column":0},"end":{"line":195,"column":73}},"195":{"start":{"line":196,"column":0},"end":{"line":196,"column":74}},"196":{"start":{"line":197,"column":0},"end":{"line":197,"column":29}},"197":{"start":{"line":198,"column":0},"end":{"line":198,"column":27}},"198":{"start":{"line":199,"column":0},"end":{"line":199,"column":32}},"199":{"start":{"line":200,"column":0},"end":{"line":200,"column":45}},"200":{"start":{"line":201,"column":0},"end":{"line":201,"column":57}},"201":{"start":{"line":202,"column":0},"end":{"line":202,"column":26}},"202":{"start":{"line":203,"column":0},"end":{"line":203,"column":23}},"203":{"start":{"line":204,"column":0},"end":{"line":204,"column":83}},"204":{"start":{"line":205,"column":0},"end":{"line":205,"column":54}},"205":{"start":{"line":206,"column":0},"end":{"line":206,"column":31}},"206":{"start":{"line":207,"column":0},"end":{"line":207,"column":29}},"207":{"start":{"line":208,"column":0},"end":{"line":208,"column":27}},"208":{"start":{"line":209,"column":0},"end":{"line":209,"column":53}},"209":{"start":{"line":210,"column":0},"end":{"line":210,"column":51}},"210":{"start":{"line":211,"column":0},"end":{"line":211,"column":54}},"211":{"start":{"line":212,"column":0},"end":{"line":212,"column":53}},"212":{"start":{"line":213,"column":0},"end":{"line":213,"column":31}},"213":{"start":{"line":214,"column":0},"end":{"line":214,"column":24}},"214":{"start":{"line":215,"column":0},"end":{"line":215,"column":52}},"215":{"start":{"line":216,"column":0},"end":{"line":216,"column":59}},"216":{"start":{"line":217,"column":0},"end":{"line":217,"column":29}},"217":{"start":{"line":218,"column":0},"end":{"line":218,"column":27}},"218":{"start":{"line":219,"column":0},"end":{"line":219,"column":25}},"219":{"start":{"line":220,"column":0},"end":{"line":220,"column":55}},"220":{"start":{"line":221,"column":0},"end":{"line":221,"column":35}},"221":{"start":{"line":222,"column":0},"end":{"line":222,"column":16}},"222":{"start":{"line":223,"column":0},"end":{"line":223,"column":15}},"223":{"start":{"line":224,"column":0},"end":{"line":224,"column":17}},"224":{"start":{"line":225,"column":0},"end":{"line":225,"column":10}},"225":{"start":{"line":226,"column":0},"end":{"line":226,"column":19}},"226":{"start":{"line":227,"column":0},"end":{"line":227,"column":11}},"227":{"start":{"line":228,"column":0},"end":{"line":228,"column":4}},"228":{"start":{"line":229,"column":0},"end":{"line":229,"column":1}},"229":{"start":{"line":230,"column":0},"end":{"line":230,"column":0}},"230":{"start":{"line":231,"column":0},"end":{"line":231,"column":34}},"231":{"start":{"line":232,"column":0},"end":{"line":232,"column":14}},"232":{"start":{"line":233,"column":0},"end":{"line":233,"column":12}},"233":{"start":{"line":234,"column":0},"end":{"line":234,"column":39}},"234":{"start":{"line":235,"column":0},"end":{"line":235,"column":4}},"235":{"start":{"line":236,"column":0},"end":{"line":236,"column":11}},"236":{"start":{"line":237,"column":0},"end":{"line":237,"column":25}},"237":{"start":{"line":238,"column":0},"end":{"line":238,"column":25}},"238":{"start":{"line":239,"column":0},"end":{"line":239,"column":36}},"239":{"start":{"line":240,"column":0},"end":{"line":240,"column":26}},"240":{"start":{"line":241,"column":0},"end":{"line":241,"column":19}},"241":{"start":{"line":242,"column":0},"end":{"line":242,"column":22}},"242":{"start":{"line":243,"column":0},"end":{"line":243,"column":34}},"243":{"start":{"line":244,"column":0},"end":{"line":244,"column":25}},"244":{"start":{"line":245,"column":0},"end":{"line":245,"column":37}},"245":{"start":{"line":246,"column":0},"end":{"line":246,"column":4}},"246":{"start":{"line":247,"column":0},"end":{"line":247,"column":16}},"247":{"start":{"line":248,"column":0},"end":{"line":248,"column":17}},"248":{"start":{"line":249,"column":0},"end":{"line":249,"column":22}},"249":{"start":{"line":250,"column":0},"end":{"line":250,"column":26}},"250":{"start":{"line":251,"column":0},"end":{"line":251,"column":21}},"251":{"start":{"line":252,"column":0},"end":{"line":252,"column":4}},"252":{"start":{"line":253,"column":0},"end":{"line":253,"column":14}},"253":{"start":{"line":254,"column":0},"end":{"line":254,"column":17}},"254":{"start":{"line":255,"column":0},"end":{"line":255,"column":24}},"255":{"start":{"line":256,"column":0},"end":{"line":256,"column":17}},"256":{"start":{"line":257,"column":0},"end":{"line":257,"column":4}},"257":{"start":{"line":258,"column":0},"end":{"line":258,"column":16}},"258":{"start":{"line":259,"column":0},"end":{"line":259,"column":27}},"259":{"start":{"line":260,"column":0},"end":{"line":260,"column":11}},"260":{"start":{"line":261,"column":0},"end":{"line":261,"column":20}},"261":{"start":{"line":262,"column":0},"end":{"line":262,"column":4}},"262":{"start":{"line":263,"column":0},"end":{"line":263,"column":14}},"263":{"start":{"line":264,"column":0},"end":{"line":264,"column":17}},"264":{"start":{"line":265,"column":0},"end":{"line":265,"column":24}},"265":{"start":{"line":266,"column":0},"end":{"line":266,"column":4}},"266":{"start":{"line":267,"column":0},"end":{"line":267,"column":14}},"267":{"start":{"line":268,"column":0},"end":{"line":268,"column":26}},"268":{"start":{"line":269,"column":0},"end":{"line":269,"column":23}},"269":{"start":{"line":270,"column":0},"end":{"line":270,"column":20}},"270":{"start":{"line":271,"column":0},"end":{"line":271,"column":19}},"271":{"start":{"line":272,"column":0},"end":{"line":272,"column":31}},"272":{"start":{"line":273,"column":0},"end":{"line":273,"column":4}},"273":{"start":{"line":274,"column":0},"end":{"line":274,"column":15}},"274":{"start":{"line":275,"column":0},"end":{"line":275,"column":17}},"275":{"start":{"line":276,"column":0},"end":{"line":276,"column":24}},"276":{"start":{"line":277,"column":0},"end":{"line":277,"column":22}},"277":{"start":{"line":278,"column":0},"end":{"line":278,"column":4}},"278":{"start":{"line":279,"column":0},"end":{"line":279,"column":11}},"279":{"start":{"line":280,"column":0},"end":{"line":280,"column":12}},"280":{"start":{"line":281,"column":0},"end":{"line":281,"column":4}},"281":{"start":{"line":282,"column":0},"end":{"line":282,"column":18}},"282":{"start":{"line":283,"column":0},"end":{"line":283,"column":16}},"283":{"start":{"line":284,"column":0},"end":{"line":284,"column":12}},"284":{"start":{"line":285,"column":0},"end":{"line":285,"column":22}},"285":{"start":{"line":286,"column":0},"end":{"line":286,"column":4}},"286":{"start":{"line":287,"column":0},"end":{"line":287,"column":13}},"287":{"start":{"line":288,"column":0},"end":{"line":288,"column":25}},"288":{"start":{"line":289,"column":0},"end":{"line":289,"column":12}},"289":{"start":{"line":290,"column":0},"end":{"line":290,"column":4}},"290":{"start":{"line":291,"column":0},"end":{"line":291,"column":10}},"291":{"start":{"line":292,"column":0},"end":{"line":292,"column":12}},"292":{"start":{"line":293,"column":0},"end":{"line":293,"column":4}},"293":{"start":{"line":294,"column":0},"end":{"line":294,"column":13}},"294":{"start":{"line":295,"column":0},"end":{"line":295,"column":34}},"295":{"start":{"line":296,"column":0},"end":{"line":296,"column":21}},"296":{"start":{"line":297,"column":0},"end":{"line":297,"column":19}},"297":{"start":{"line":298,"column":0},"end":{"line":298,"column":31}},"298":{"start":{"line":299,"column":0},"end":{"line":299,"column":16}},"299":{"start":{"line":300,"column":0},"end":{"line":300,"column":25}},"300":{"start":{"line":301,"column":0},"end":{"line":301,"column":4}},"301":{"start":{"line":302,"column":0},"end":{"line":302,"column":15}},"302":{"start":{"line":303,"column":0},"end":{"line":303,"column":17}},"303":{"start":{"line":304,"column":0},"end":{"line":304,"column":22}},"304":{"start":{"line":305,"column":0},"end":{"line":305,"column":29}},"305":{"start":{"line":306,"column":0},"end":{"line":306,"column":4}},"306":{"start":{"line":307,"column":0},"end":{"line":307,"column":14}},"307":{"start":{"line":308,"column":0},"end":{"line":308,"column":17}},"308":{"start":{"line":309,"column":0},"end":{"line":309,"column":24}},"309":{"start":{"line":310,"column":0},"end":{"line":310,"column":17}},"310":{"start":{"line":311,"column":0},"end":{"line":311,"column":4}},"311":{"start":{"line":312,"column":0},"end":{"line":312,"column":18}},"312":{"start":{"line":313,"column":0},"end":{"line":313,"column":25}},"313":{"start":{"line":314,"column":0},"end":{"line":314,"column":25}},"314":{"start":{"line":315,"column":0},"end":{"line":315,"column":36}},"315":{"start":{"line":316,"column":0},"end":{"line":316,"column":17}},"316":{"start":{"line":317,"column":0},"end":{"line":317,"column":4}},"317":{"start":{"line":318,"column":0},"end":{"line":318,"column":17}},"318":{"start":{"line":319,"column":0},"end":{"line":319,"column":17}},"319":{"start":{"line":320,"column":0},"end":{"line":320,"column":22}},"320":{"start":{"line":321,"column":0},"end":{"line":321,"column":29}},"321":{"start":{"line":322,"column":0},"end":{"line":322,"column":4}},"322":{"start":{"line":323,"column":0},"end":{"line":323,"column":11}},"323":{"start":{"line":324,"column":0},"end":{"line":324,"column":36}},"324":{"start":{"line":325,"column":0},"end":{"line":325,"column":26}},"325":{"start":{"line":326,"column":0},"end":{"line":326,"column":23}},"326":{"start":{"line":327,"column":0},"end":{"line":327,"column":20}},"327":{"start":{"line":328,"column":0},"end":{"line":328,"column":4}},"328":{"start":{"line":329,"column":0},"end":{"line":329,"column":15}},"329":{"start":{"line":330,"column":0},"end":{"line":330,"column":24}},"330":{"start":{"line":331,"column":0},"end":{"line":331,"column":17}},"331":{"start":{"line":332,"column":0},"end":{"line":332,"column":22}},"332":{"start":{"line":333,"column":0},"end":{"line":333,"column":4}},"333":{"start":{"line":334,"column":0},"end":{"line":334,"column":18}},"334":{"start":{"line":335,"column":0},"end":{"line":335,"column":24}},"335":{"start":{"line":336,"column":0},"end":{"line":336,"column":25}},"336":{"start":{"line":337,"column":0},"end":{"line":337,"column":4}},"337":{"start":{"line":338,"column":0},"end":{"line":338,"column":15}},"338":{"start":{"line":339,"column":0},"end":{"line":339,"column":25}},"339":{"start":{"line":340,"column":0},"end":{"line":340,"column":24}},"340":{"start":{"line":341,"column":0},"end":{"line":341,"column":12}},"341":{"start":{"line":342,"column":0},"end":{"line":342,"column":4}},"342":{"start":{"line":343,"column":0},"end":{"line":343,"column":14}},"343":{"start":{"line":344,"column":0},"end":{"line":344,"column":17}},"344":{"start":{"line":345,"column":0},"end":{"line":345,"column":4}},"345":{"start":{"line":346,"column":0},"end":{"line":346,"column":15}},"346":{"start":{"line":347,"column":0},"end":{"line":347,"column":17}},"347":{"start":{"line":348,"column":0},"end":{"line":348,"column":22}},"348":{"start":{"line":349,"column":0},"end":{"line":349,"column":29}},"349":{"start":{"line":350,"column":0},"end":{"line":350,"column":4}},"350":{"start":{"line":351,"column":0},"end":{"line":351,"column":14}},"351":{"start":{"line":352,"column":0},"end":{"line":352,"column":17}},"352":{"start":{"line":353,"column":0},"end":{"line":353,"column":24}},"353":{"start":{"line":354,"column":0},"end":{"line":354,"column":24}},"354":{"start":{"line":355,"column":0},"end":{"line":355,"column":4}},"355":{"start":{"line":356,"column":0},"end":{"line":356,"column":13}},"356":{"start":{"line":357,"column":0},"end":{"line":357,"column":36}},"357":{"start":{"line":358,"column":0},"end":{"line":358,"column":26}},"358":{"start":{"line":359,"column":0},"end":{"line":359,"column":24}},"359":{"start":{"line":360,"column":0},"end":{"line":360,"column":20}},"360":{"start":{"line":361,"column":0},"end":{"line":361,"column":17}},"361":{"start":{"line":362,"column":0},"end":{"line":362,"column":4}},"362":{"start":{"line":363,"column":0},"end":{"line":363,"column":17}},"363":{"start":{"line":364,"column":0},"end":{"line":364,"column":24}},"364":{"start":{"line":365,"column":0},"end":{"line":365,"column":17}},"365":{"start":{"line":366,"column":0},"end":{"line":366,"column":22}},"366":{"start":{"line":367,"column":0},"end":{"line":367,"column":4}},"367":{"start":{"line":368,"column":0},"end":{"line":368,"column":9}},"368":{"start":{"line":369,"column":0},"end":{"line":369,"column":12}},"369":{"start":{"line":370,"column":0},"end":{"line":370,"column":4}},"370":{"start":{"line":371,"column":0},"end":{"line":371,"column":16}},"371":{"start":{"line":372,"column":0},"end":{"line":372,"column":34}},"372":{"start":{"line":373,"column":0},"end":{"line":373,"column":21}},"373":{"start":{"line":374,"column":0},"end":{"line":374,"column":19}},"374":{"start":{"line":375,"column":0},"end":{"line":375,"column":31}},"375":{"start":{"line":376,"column":0},"end":{"line":376,"column":16}},"376":{"start":{"line":377,"column":0},"end":{"line":377,"column":25}},"377":{"start":{"line":378,"column":0},"end":{"line":378,"column":25}},"378":{"start":{"line":379,"column":0},"end":{"line":379,"column":12}},"379":{"start":{"line":380,"column":0},"end":{"line":380,"column":4}},"380":{"start":{"line":381,"column":0},"end":{"line":381,"column":18}},"381":{"start":{"line":382,"column":0},"end":{"line":382,"column":14}},"382":{"start":{"line":383,"column":0},"end":{"line":383,"column":15}},"383":{"start":{"line":384,"column":0},"end":{"line":384,"column":21}},"384":{"start":{"line":385,"column":0},"end":{"line":385,"column":41}},"385":{"start":{"line":386,"column":0},"end":{"line":386,"column":25}},"386":{"start":{"line":387,"column":0},"end":{"line":387,"column":29}},"387":{"start":{"line":388,"column":0},"end":{"line":388,"column":18}},"388":{"start":{"line":389,"column":0},"end":{"line":389,"column":4}},"389":{"start":{"line":390,"column":0},"end":{"line":390,"column":22}},"390":{"start":{"line":391,"column":0},"end":{"line":391,"column":17}},"391":{"start":{"line":392,"column":0},"end":{"line":392,"column":22}},"392":{"start":{"line":393,"column":0},"end":{"line":393,"column":26}},"393":{"start":{"line":394,"column":0},"end":{"line":394,"column":4}},"394":{"start":{"line":395,"column":0},"end":{"line":395,"column":16}},"395":{"start":{"line":396,"column":0},"end":{"line":396,"column":12}},"396":{"start":{"line":397,"column":0},"end":{"line":397,"column":11}},"397":{"start":{"line":398,"column":0},"end":{"line":398,"column":4}},"398":{"start":{"line":399,"column":0},"end":{"line":399,"column":15}},"399":{"start":{"line":400,"column":0},"end":{"line":400,"column":25}},"400":{"start":{"line":401,"column":0},"end":{"line":401,"column":25}},"401":{"start":{"line":402,"column":0},"end":{"line":402,"column":11}},"402":{"start":{"line":403,"column":0},"end":{"line":403,"column":21}},"403":{"start":{"line":404,"column":0},"end":{"line":404,"column":4}},"404":{"start":{"line":405,"column":0},"end":{"line":405,"column":16}},"405":{"start":{"line":406,"column":0},"end":{"line":406,"column":17}},"406":{"start":{"line":407,"column":0},"end":{"line":407,"column":22}},"407":{"start":{"line":408,"column":0},"end":{"line":408,"column":29}},"408":{"start":{"line":409,"column":0},"end":{"line":409,"column":18}},"409":{"start":{"line":410,"column":0},"end":{"line":410,"column":4}},"410":{"start":{"line":411,"column":0},"end":{"line":411,"column":16}},"411":{"start":{"line":412,"column":0},"end":{"line":412,"column":25}},"412":{"start":{"line":413,"column":0},"end":{"line":413,"column":23}},"413":{"start":{"line":414,"column":0},"end":{"line":414,"column":21}},"414":{"start":{"line":415,"column":0},"end":{"line":415,"column":4}},"415":{"start":{"line":416,"column":0},"end":{"line":416,"column":15}},"416":{"start":{"line":417,"column":0},"end":{"line":417,"column":17}},"417":{"start":{"line":418,"column":0},"end":{"line":418,"column":22}},"418":{"start":{"line":419,"column":0},"end":{"line":419,"column":4}},"419":{"start":{"line":420,"column":0},"end":{"line":420,"column":16}},"420":{"start":{"line":421,"column":0},"end":{"line":421,"column":25}},"421":{"start":{"line":422,"column":0},"end":{"line":422,"column":21}},"422":{"start":{"line":423,"column":0},"end":{"line":423,"column":11}},"423":{"start":{"line":424,"column":0},"end":{"line":424,"column":4}},"424":{"start":{"line":425,"column":0},"end":{"line":425,"column":13}},"425":{"start":{"line":426,"column":0},"end":{"line":426,"column":17}},"426":{"start":{"line":427,"column":0},"end":{"line":427,"column":24}},"427":{"start":{"line":428,"column":0},"end":{"line":428,"column":4}},"428":{"start":{"line":429,"column":0},"end":{"line":429,"column":12}},"429":{"start":{"line":430,"column":0},"end":{"line":430,"column":17}},"430":{"start":{"line":431,"column":0},"end":{"line":431,"column":24}},"431":{"start":{"line":432,"column":0},"end":{"line":432,"column":18}},"432":{"start":{"line":433,"column":0},"end":{"line":433,"column":4}},"433":{"start":{"line":434,"column":0},"end":{"line":434,"column":3}}},"s":{"0":1,"1":1,"2":1,"3":1,"4":1,"5":1,"6":1,"7":1,"8":1,"9":1,"10":1,"11":1,"12":1,"13":1,"14":1,"15":1,"16":1,"17":1,"18":1,"19":1,"20":1,"21":1,"22":1,"23":1,"24":1,"25":1,"26":1,"27":1,"28":1,"29":1,"30":1,"31":1,"32":1,"33":1,"34":1,"35":1,"36":1,"37":1,"38":1,"39":1,"40":1,"41":1,"42":1,"43":1,"44":27,"45":27,"46":27,"47":27,"48":27,"49":27,"50":14,"51":14,"52":13,"53":13,"54":14,"55":14,"56":27,"57":27,"58":27,"59":27,"60":13,"61":13,"62":27,"63":27,"64":27,"65":27,"66":1,"67":1,"68":27,"69":27,"70":27,"71":27,"72":27,"73":27,"74":27,"75":7,"76":7,"77":7,"78":7,"79":7,"80":7,"81":7,"82":27,"83":27,"84":27,"85":27,"86":27,"87":27,"88":27,"89":27,"90":27,"91":27,"92":27,"93":27,"94":27,"95":27,"96":27,"97":27,"98":27,"99":27,"100":27,"101":27,"102":27,"103":27,"104":27,"105":27,"106":27,"107":27,"108":27,"109":27,"110":27,"111":27,"112":27,"113":27,"114":27,"115":27,"116":27,"117":27,"118":27,"119":27,"120":27,"121":27,"122":27,"123":27,"124":27,"125":27,"126":27,"127":27,"128":27,"129":27,"130":27,"131":27,"132":27,"133":27,"134":27,"135":27,"136":27,"137":27,"138":27,"139":27,"140":27,"141":27,"142":27,"143":27,"144":27,"145":27,"146":27,"147":27,"148":27,"149":27,"150":27,"151":27,"152":13,"153":13,"154":13,"155":14,"156":9,"157":9,"158":9,"159":9,"160":9,"161":9,"162":9,"163":9,"164":9,"165":9,"166":9,"167":9,"168":9,"169":5,"170":5,"171":5,"172":7,"173":7,"174":7,"175":7,"176":7,"177":1,"178":7,"179":7,"180":7,"181":7,"182":7,"183":7,"184":7,"185":7,"186":7,"187":7,"188":7,"189":7,"190":7,"191":7,"192":7,"193":7,"194":7,"195":7,"196":7,"197":7,"198":7,"199":7,"200":7,"201":7,"202":7,"203":7,"204":7,"205":7,"206":7,"207":7,"208":7,"209":7,"210":6,"211":6,"212":6,"213":7,"214":7,"215":7,"216":7,"217":7,"218":7,"219":7,"220":7,"221":7,"222":5,"223":5,"224":27,"225":27,"226":27,"227":27,"228":27,"229":1,"230":1,"231":1,"232":1,"233":1,"234":1,"235":1,"236":1,"237":1,"238":1,"239":1,"240":1,"241":1,"242":1,"243":1,"244":1,"245":1,"246":1,"247":1,"248":1,"249":1,"250":1,"251":1,"252":1,"253":1,"254":1,"255":1,"256":1,"257":1,"258":1,"259":1,"260":1,"261":1,"262":1,"263":1,"264":1,"265":1,"266":1,"267":1,"268":1,"269":1,"270":1,"271":1,"272":1,"273":1,"274":1,"275":1,"276":1,"277":1,"278":1,"279":1,"280":1,"281":1,"282":1,"283":1,"284":1,"285":1,"286":1,"287":1,"288":1,"289":1,"290":1,"291":1,"292":1,"293":1,"294":1,"295":1,"296":1,"297":1,"298":1,"299":1,"300":1,"301":1,"302":1,"303":1,"304":1,"305":1,"306":1,"307":1,"308":1,"309":1,"310":1,"311":1,"312":1,"313":1,"314":1,"315":1,"316":1,"317":1,"318":1,"319":1,"320":1,"321":1,"322":1,"323":1,"324":1,"325":1,"326":1,"327":1,"328":1,"329":1,"330":1,"331":1,"332":1,"333":1,"334":1,"335":1,"336":1,"337":1,"338":1,"339":1,"340":1,"341":1,"342":1,"343":1,"344":1,"345":1,"346":1,"347":1,"348":1,"349":1,"350":1,"351":1,"352":1,"353":1,"354":1,"355":1,"356":1,"357":1,"358":1,"359":1,"360":1,"361":1,"362":1,"363":1,"364":1,"365":1,"366":1,"367":1,"368":1,"369":1,"370":1,"371":1,"372":1,"373":1,"374":1,"375":1,"376":1,"377":1,"378":1,"379":1,"380":1,"381":1,"382":1,"383":1,"384":1,"385":1,"386":1,"387":1,"388":1,"389":1,"390":1,"391":1,"392":1,"393":1,"394":1,"395":1,"396":1,"397":1,"398":1,"399":1,"400":1,"401":1,"402":1,"403":1,"404":1,"405":1,"406":1,"407":1,"408":1,"409":1,"410":1,"411":1,"412":1,"413":1,"414":1,"415":1,"416":1,"417":1,"418":1,"419":1,"420":1,"421":1,"422":1,"423":1,"424":1,"425":1,"426":1,"427":1,"428":1,"429":1,"430":1,"431":1,"432":1,"433":1},"branchMap":{"0":{"type":"branch","line":44,"loc":{"start":{"line":44,"column":15},"end":{"line":229,"column":1}},"locations":[{"start":{"line":44,"column":15},"end":{"line":229,"column":1}}]},"1":{"type":"branch","line":94,"loc":{"start":{"line":94,"column":17},"end":{"line":94,"column":19}},"locations":[{"start":{"line":94,"column":17},"end":{"line":94,"column":19}}]},"2":{"type":"branch","line":129,"loc":{"start":{"line":129,"column":39},"end":{"line":129,"column":60}},"locations":[{"start":{"line":129,"column":39},"end":{"line":129,"column":60}}]},"3":{"type":"branch","line":129,"loc":{"start":{"line":129,"column":60},"end":{"line":129,"column":78}},"locations":[{"start":{"line":129,"column":60},"end":{"line":129,"column":78}}]},"4":{"type":"branch","line":133,"loc":{"start":{"line":133,"column":29},"end":{"line":133,"column":42}},"locations":[{"start":{"line":133,"column":29},"end":{"line":133,"column":42}}]},"5":{"type":"branch","line":133,"loc":{"start":{"line":133,"column":42},"end":{"line":133,"column":60}},"locations":[{"start":{"line":133,"column":42},"end":{"line":133,"column":60}}]},"6":{"type":"branch","line":136,"loc":{"start":{"line":136,"column":29},"end":{"line":136,"column":41}},"locations":[{"start":{"line":136,"column":29},"end":{"line":136,"column":41}}]},"7":{"type":"branch","line":136,"loc":{"start":{"line":136,"column":41},"end":{"line":136,"column":56}},"locations":[{"start":{"line":136,"column":41},"end":{"line":136,"column":56}}]},"8":{"type":"branch","line":152,"loc":{"start":{"line":152,"column":16},"end":{"line":155,"column":17}},"locations":[{"start":{"line":152,"column":16},"end":{"line":155,"column":17}}]},"9":{"type":"branch","line":156,"loc":{"start":{"line":156,"column":-1},"end":{"line":224,"column":17}},"locations":[{"start":{"line":156,"column":-1},"end":{"line":224,"column":17}}]},"10":{"type":"branch","line":156,"loc":{"start":{"line":156,"column":33},"end":{"line":169,"column":17}},"locations":[{"start":{"line":156,"column":33},"end":{"line":169,"column":17}}]},"11":{"type":"branch","line":170,"loc":{"start":{"line":170,"column":-1},"end":{"line":224,"column":17}},"locations":[{"start":{"line":170,"column":-1},"end":{"line":224,"column":17}}]},"12":{"type":"branch","line":50,"loc":{"start":{"line":50,"column":36},"end":{"line":57,"column":3}},"locations":[{"start":{"line":50,"column":36},"end":{"line":57,"column":3}}]},"13":{"type":"branch","line":52,"loc":{"start":{"line":52,"column":21},"end":{"line":54,"column":5}},"locations":[{"start":{"line":52,"column":21},"end":{"line":54,"column":5}}]},"14":{"type":"branch","line":60,"loc":{"start":{"line":60,"column":16},"end":{"line":63,"column":5}},"locations":[{"start":{"line":60,"column":16},"end":{"line":63,"column":5}}]},"15":{"type":"branch","line":66,"loc":{"start":{"line":66,"column":20},"end":{"line":69,"column":3}},"locations":[{"start":{"line":66,"column":20},"end":{"line":69,"column":3}}]},"16":{"type":"branch","line":71,"loc":{"start":{"line":71,"column":41},"end":{"line":71,"column":73}},"locations":[{"start":{"line":71,"column":41},"end":{"line":71,"column":73}}]},"17":{"type":"branch","line":72,"loc":{"start":{"line":72,"column":42},"end":{"line":72,"column":75}},"locations":[{"start":{"line":72,"column":42},"end":{"line":72,"column":75}}]},"18":{"type":"branch","line":73,"loc":{"start":{"line":73,"column":37},"end":{"line":73,"column":65}},"locations":[{"start":{"line":73,"column":37},"end":{"line":73,"column":65}}]},"19":{"type":"branch","line":75,"loc":{"start":{"line":75,"column":21},"end":{"line":83,"column":3}},"locations":[{"start":{"line":75,"column":21},"end":{"line":83,"column":3}}]},"20":{"type":"branch","line":145,"loc":{"start":{"line":145,"column":21},"end":{"line":145,"column":57}},"locations":[{"start":{"line":145,"column":21},"end":{"line":145,"column":57}}]},"21":{"type":"branch","line":165,"loc":{"start":{"line":165,"column":23},"end":{"line":165,"column":59}},"locations":[{"start":{"line":165,"column":23},"end":{"line":165,"column":59}}]},"22":{"type":"branch","line":172,"loc":{"start":{"line":172,"column":26},"end":{"line":223,"column":13}},"locations":[{"start":{"line":172,"column":26},"end":{"line":223,"column":13}}]},"23":{"type":"branch","line":174,"loc":{"start":{"line":174,"column":73},"end":{"line":175,"column":34}},"locations":[{"start":{"line":174,"column":73},"end":{"line":175,"column":34}}]},"24":{"type":"branch","line":178,"loc":{"start":{"line":178,"column":-1},"end":{"line":178,"column":43}},"locations":[{"start":{"line":178,"column":-1},"end":{"line":178,"column":43}}]},"25":{"type":"branch","line":179,"loc":{"start":{"line":179,"column":-1},"end":{"line":179,"column":44}},"locations":[{"start":{"line":179,"column":-1},"end":{"line":179,"column":44}}]},"26":{"type":"branch","line":190,"loc":{"start":{"line":190,"column":39},"end":{"line":190,"column":48}},"locations":[{"start":{"line":190,"column":39},"end":{"line":190,"column":48}}]},"27":{"type":"branch","line":190,"loc":{"start":{"line":190,"column":45},"end":{"line":190,"column":52}},"locations":[{"start":{"line":190,"column":45},"end":{"line":190,"column":52}}]},"28":{"type":"branch","line":190,"loc":{"start":{"line":190,"column":50},"end":{"line":190,"column":52}},"locations":[{"start":{"line":190,"column":50},"end":{"line":190,"column":52}}]},"29":{"type":"branch","line":190,"loc":{"start":{"line":190,"column":50},"end":{"line":190,"column":65}},"locations":[{"start":{"line":190,"column":50},"end":{"line":190,"column":65}}]},"30":{"type":"branch","line":190,"loc":{"start":{"line":190,"column":65},"end":{"line":190,"column":69}},"locations":[{"start":{"line":190,"column":65},"end":{"line":190,"column":69}}]},"31":{"type":"branch","line":190,"loc":{"start":{"line":190,"column":65},"end":{"line":190,"column":72}},"locations":[{"start":{"line":190,"column":65},"end":{"line":190,"column":72}}]},"32":{"type":"branch","line":196,"loc":{"start":{"line":196,"column":41},"end":{"line":196,"column":43}},"locations":[{"start":{"line":196,"column":41},"end":{"line":196,"column":43}}]},"33":{"type":"branch","line":196,"loc":{"start":{"line":196,"column":41},"end":{"line":196,"column":47}},"locations":[{"start":{"line":196,"column":41},"end":{"line":196,"column":47}}]},"34":{"type":"branch","line":196,"loc":{"start":{"line":196,"column":47},"end":{"line":196,"column":51}},"locations":[{"start":{"line":196,"column":47},"end":{"line":196,"column":51}}]},"35":{"type":"branch","line":196,"loc":{"start":{"line":196,"column":47},"end":{"line":196,"column":73}},"locations":[{"start":{"line":196,"column":47},"end":{"line":196,"column":73}}]},"36":{"type":"branch","line":210,"loc":{"start":{"line":210,"column":39},"end":{"line":210,"column":41}},"locations":[{"start":{"line":210,"column":39},"end":{"line":210,"column":41}}]},"37":{"type":"branch","line":210,"loc":{"start":{"line":210,"column":39},"end":{"line":210,"column":46}},"locations":[{"start":{"line":210,"column":39},"end":{"line":210,"column":46}}]},"38":{"type":"branch","line":210,"loc":{"start":{"line":210,"column":46},"end":{"line":213,"column":31}},"locations":[{"start":{"line":210,"column":46},"end":{"line":213,"column":31}}]},"39":{"type":"branch","line":185,"loc":{"start":{"line":185,"column":27},"end":{"line":185,"column":58}},"locations":[{"start":{"line":185,"column":27},"end":{"line":185,"column":58}}]}},"b":{"0":[27],"1":[0],"2":[2],"3":[25],"4":[2],"5":[25],"6":[2],"7":[25],"8":[13],"9":[14],"10":[9],"11":[5],"12":[14],"13":[13],"14":[13],"15":[1],"16":[7],"17":[7],"18":[7],"19":[7],"20":[1],"21":[1],"22":[7],"23":[0],"24":[1],"25":[6],"26":[6],"27":[6],"28":[1],"29":[6],"30":[6],"31":[1],"32":[1],"33":[6],"34":[6],"35":[1],"36":[1],"37":[6],"38":[6],"39":[2]},"fnMap":{"0":{"name":"HomeScreen","decl":{"start":{"line":44,"column":15},"end":{"line":229,"column":1}},"loc":{"start":{"line":44,"column":15},"end":{"line":229,"column":1}},"line":44},"1":{"name":"onRefresh","decl":{"start":{"line":66,"column":20},"end":{"line":69,"column":3}},"loc":{"start":{"line":66,"column":20},"end":{"line":69,"column":3}},"line":66},"2":{"name":"formatDate","decl":{"start":{"line":75,"column":21},"end":{"line":83,"column":3}},"loc":{"start":{"line":75,"column":21},"end":{"line":83,"column":3}},"line":75},"3":{"name":"onPress","decl":{"start":{"line":145,"column":21},"end":{"line":145,"column":57}},"loc":{"start":{"line":145,"column":21},"end":{"line":145,"column":57}},"line":145},"4":{"name":"onPress","decl":{"start":{"line":165,"column":23},"end":{"line":165,"column":59}},"loc":{"start":{"line":165,"column":23},"end":{"line":165,"column":59}},"line":165},"5":{"name":"onPress","decl":{"start":{"line":185,"column":27},"end":{"line":185,"column":58}},"loc":{"start":{"line":185,"column":27},"end":{"line":185,"column":58}},"line":185}},"f":{"0":27,"1":1,"2":7,"3":1,"4":1,"5":2}}
,"/Users/agustincassani/Documents/projects/surfercoder/imi/IMI/app/(app)/nuevo-informe.tsx": {"path":"/Users/agustincassani/Documents/projects/surfercoder/imi/IMI/app/(app)/nuevo-informe.tsx","all":false,"statementMap":{"0":{"start":{"line":1,"column":0},"end":{"line":1,"column":40}},"1":{"start":{"line":2,"column":0},"end":{"line":2,"column":8}},"2":{"start":{"line":3,"column":0},"end":{"line":3,"column":7}},"3":{"start":{"line":4,"column":0},"end":{"line":4,"column":7}},"4":{"start":{"line":5,"column":0},"end":{"line":5,"column":13}},"5":{"start":{"line":6,"column":0},"end":{"line":6,"column":13}},"6":{"start":{"line":7,"column":0},"end":{"line":7,"column":23}},"7":{"start":{"line":8,"column":0},"end":{"line":8,"column":11}},"8":{"start":{"line":9,"column":0},"end":{"line":9,"column":19}},"9":{"start":{"line":10,"column":0},"end":{"line":10,"column":22}},"10":{"start":{"line":11,"column":0},"end":{"line":11,"column":37}},"11":{"start":{"line":12,"column":0},"end":{"line":12,"column":67}},"12":{"start":{"line":13,"column":0},"end":{"line":13,"column":46}},"13":{"start":{"line":14,"column":0},"end":{"line":14,"column":48}},"14":{"start":{"line":15,"column":0},"end":{"line":15,"column":60}},"15":{"start":{"line":16,"column":0},"end":{"line":16,"column":48}},"16":{"start":{"line":17,"column":0},"end":{"line":17,"column":0}},"17":{"start":{"line":18,"column":0},"end":{"line":18,"column":46}},"18":{"start":{"line":19,"column":0},"end":{"line":19,"column":39}},"19":{"start":{"line":20,"column":0},"end":{"line":20,"column":37}},"20":{"start":{"line":21,"column":0},"end":{"line":21,"column":41}},"21":{"start":{"line":22,"column":0},"end":{"line":22,"column":41}},"22":{"start":{"line":23,"column":0},"end":{"line":23,"column":48}},"23":{"start":{"line":24,"column":0},"end":{"line":24,"column":58}},"24":{"start":{"line":25,"column":0},"end":{"line":25,"column":0}},"25":{"start":{"line":26,"column":0},"end":{"line":26,"column":36}},"26":{"start":{"line":27,"column":0},"end":{"line":27,"column":19}},"27":{"start":{"line":28,"column":0},"end":{"line":28,"column":0}},"28":{"start":{"line":29,"column":0},"end":{"line":29,"column":33}},"29":{"start":{"line":30,"column":0},"end":{"line":30,"column":61}},"30":{"start":{"line":31,"column":0},"end":{"line":31,"column":13}},"31":{"start":{"line":32,"column":0},"end":{"line":32,"column":5}},"32":{"start":{"line":33,"column":0},"end":{"line":33,"column":34}},"33":{"start":{"line":34,"column":0},"end":{"line":34,"column":55}},"34":{"start":{"line":35,"column":0},"end":{"line":35,"column":13}},"35":{"start":{"line":36,"column":0},"end":{"line":36,"column":5}},"36":{"start":{"line":37,"column":0},"end":{"line":37,"column":0}},"37":{"start":{"line":38,"column":0},"end":{"line":38,"column":21}},"38":{"start":{"line":39,"column":0},"end":{"line":39,"column":0}},"39":{"start":{"line":40,"column":0},"end":{"line":40,"column":47}},"40":{"start":{"line":41,"column":0},"end":{"line":41,"column":24}},"41":{"start":{"line":42,"column":0},"end":{"line":42,"column":30}},"42":{"start":{"line":43,"column":0},"end":{"line":43,"column":26}},"43":{"start":{"line":44,"column":0},"end":{"line":44,"column":34}},"44":{"start":{"line":45,"column":0},"end":{"line":45,"column":7}},"45":{"start":{"line":46,"column":0},"end":{"line":46,"column":0}},"46":{"start":{"line":47,"column":0},"end":{"line":47,"column":53}},"47":{"start":{"line":48,"column":0},"end":{"line":48,"column":68}},"48":{"start":{"line":49,"column":0},"end":{"line":49,"column":24}},"49":{"start":{"line":50,"column":0},"end":{"line":50,"column":13}},"50":{"start":{"line":51,"column":0},"end":{"line":51,"column":5}},"51":{"start":{"line":52,"column":0},"end":{"line":52,"column":0}},"52":{"start":{"line":53,"column":0},"end":{"line":53,"column":69}},"53":{"start":{"line":54,"column":0},"end":{"line":54,"column":53}},"54":{"start":{"line":55,"column":0},"end":{"line":55,"column":67}},"55":{"start":{"line":56,"column":0},"end":{"line":56,"column":24}},"56":{"start":{"line":57,"column":0},"end":{"line":57,"column":13}},"57":{"start":{"line":58,"column":0},"end":{"line":58,"column":5}},"58":{"start":{"line":59,"column":0},"end":{"line":59,"column":0}},"59":{"start":{"line":60,"column":0},"end":{"line":60,"column":22}},"60":{"start":{"line":61,"column":0},"end":{"line":61,"column":62}},"61":{"start":{"line":62,"column":0},"end":{"line":62,"column":4}},"62":{"start":{"line":63,"column":0},"end":{"line":63,"column":0}},"63":{"start":{"line":64,"column":0},"end":{"line":64,"column":10}},"64":{"start":{"line":65,"column":0},"end":{"line":65,"column":25}},"65":{"start":{"line":66,"column":0},"end":{"line":66,"column":25}},"66":{"start":{"line":67,"column":0},"end":{"line":67,"column":61}},"67":{"start":{"line":68,"column":0},"end":{"line":68,"column":5}},"68":{"start":{"line":69,"column":0},"end":{"line":69,"column":34}},"69":{"start":{"line":70,"column":0},"end":{"line":70,"column":79}},"70":{"start":{"line":71,"column":0},"end":{"line":71,"column":55}},"71":{"start":{"line":72,"column":0},"end":{"line":72,"column":27}},"72":{"start":{"line":73,"column":0},"end":{"line":73,"column":61}},"73":{"start":{"line":74,"column":0},"end":{"line":74,"column":44}},"74":{"start":{"line":75,"column":0},"end":{"line":75,"column":13}},"75":{"start":{"line":76,"column":0},"end":{"line":76,"column":0}},"76":{"start":{"line":77,"column":0},"end":{"line":77,"column":17}},"77":{"start":{"line":78,"column":0},"end":{"line":78,"column":45}},"78":{"start":{"line":79,"column":0},"end":{"line":79,"column":43}},"79":{"start":{"line":80,"column":0},"end":{"line":80,"column":7}},"80":{"start":{"line":81,"column":0},"end":{"line":81,"column":38}},"81":{"start":{"line":82,"column":0},"end":{"line":82,"column":67}},"82":{"start":{"line":83,"column":0},"end":{"line":83,"column":15}},"83":{"start":{"line":84,"column":0},"end":{"line":84,"column":0}},"84":{"start":{"line":85,"column":0},"end":{"line":85,"column":34}},"85":{"start":{"line":86,"column":0},"end":{"line":86,"column":16}},"86":{"start":{"line":87,"column":0},"end":{"line":87,"column":37}},"87":{"start":{"line":88,"column":0},"end":{"line":88,"column":42}},"88":{"start":{"line":89,"column":0},"end":{"line":89,"column":24}},"89":{"start":{"line":90,"column":0},"end":{"line":90,"column":34}},"90":{"start":{"line":91,"column":0},"end":{"line":91,"column":34}},"91":{"start":{"line":92,"column":0},"end":{"line":92,"column":12}},"92":{"start":{"line":93,"column":0},"end":{"line":93,"column":0}},"93":{"start":{"line":94,"column":0},"end":{"line":94,"column":16}},"94":{"start":{"line":95,"column":0},"end":{"line":95,"column":39}},"95":{"start":{"line":96,"column":0},"end":{"line":96,"column":36}},"96":{"start":{"line":97,"column":0},"end":{"line":97,"column":23}},"97":{"start":{"line":98,"column":0},"end":{"line":98,"column":33}},"98":{"start":{"line":99,"column":0},"end":{"line":99,"column":38}},"99":{"start":{"line":100,"column":0},"end":{"line":100,"column":12}},"100":{"start":{"line":101,"column":0},"end":{"line":101,"column":0}},"101":{"start":{"line":102,"column":0},"end":{"line":102,"column":16}},"102":{"start":{"line":103,"column":0},"end":{"line":103,"column":41}},"103":{"start":{"line":104,"column":0},"end":{"line":104,"column":48}},"104":{"start":{"line":105,"column":0},"end":{"line":105,"column":25}},"105":{"start":{"line":106,"column":0},"end":{"line":106,"column":35}},"106":{"start":{"line":107,"column":0},"end":{"line":107,"column":36}},"107":{"start":{"line":108,"column":0},"end":{"line":108,"column":81}},"108":{"start":{"line":109,"column":0},"end":{"line":109,"column":12}},"109":{"start":{"line":110,"column":0},"end":{"line":110,"column":0}},"110":{"start":{"line":111,"column":0},"end":{"line":111,"column":16}},"111":{"start":{"line":112,"column":0},"end":{"line":112,"column":36}},"112":{"start":{"line":113,"column":0},"end":{"line":113,"column":44}},"113":{"start":{"line":114,"column":0},"end":{"line":114,"column":25}},"114":{"start":{"line":115,"column":0},"end":{"line":115,"column":35}},"115":{"start":{"line":116,"column":0},"end":{"line":116,"column":40}},"116":{"start":{"line":117,"column":0},"end":{"line":117,"column":33}},"117":{"start":{"line":118,"column":0},"end":{"line":118,"column":12}},"118":{"start":{"line":119,"column":0},"end":{"line":119,"column":0}},"119":{"start":{"line":120,"column":0},"end":{"line":120,"column":53}},"120":{"start":{"line":121,"column":0},"end":{"line":121,"column":0}},"121":{"start":{"line":122,"column":0},"end":{"line":122,"column":39}},"122":{"start":{"line":123,"column":0},"end":{"line":123,"column":19}},"123":{"start":{"line":124,"column":0},"end":{"line":124,"column":31}},"124":{"start":{"line":125,"column":0},"end":{"line":125,"column":43}},"125":{"start":{"line":126,"column":0},"end":{"line":126,"column":32}},"126":{"start":{"line":127,"column":0},"end":{"line":127,"column":34}},"127":{"start":{"line":128,"column":0},"end":{"line":128,"column":13}},"128":{"start":{"line":129,"column":0},"end":{"line":129,"column":22}},"129":{"start":{"line":130,"column":0},"end":{"line":130,"column":21}},"130":{"start":{"line":131,"column":0},"end":{"line":131,"column":19}},"131":{"start":{"line":132,"column":0},"end":{"line":132,"column":36}},"132":{"start":{"line":133,"column":0},"end":{"line":133,"column":31}},"133":{"start":{"line":134,"column":0},"end":{"line":134,"column":34}},"134":{"start":{"line":135,"column":0},"end":{"line":135,"column":13}},"135":{"start":{"line":136,"column":0},"end":{"line":136,"column":30}},"136":{"start":{"line":137,"column":0},"end":{"line":137,"column":21}},"137":{"start":{"line":138,"column":0},"end":{"line":138,"column":17}},"138":{"start":{"line":139,"column":0},"end":{"line":139,"column":15}},"139":{"start":{"line":140,"column":0},"end":{"line":140,"column":19}},"140":{"start":{"line":141,"column":0},"end":{"line":141,"column":27}},"141":{"start":{"line":142,"column":0},"end":{"line":142,"column":4}},"142":{"start":{"line":143,"column":0},"end":{"line":143,"column":1}},"143":{"start":{"line":144,"column":0},"end":{"line":144,"column":0}},"144":{"start":{"line":145,"column":0},"end":{"line":145,"column":34}},"145":{"start":{"line":146,"column":0},"end":{"line":146,"column":9}},"146":{"start":{"line":147,"column":0},"end":{"line":147,"column":12}},"147":{"start":{"line":148,"column":0},"end":{"line":148,"column":39}},"148":{"start":{"line":149,"column":0},"end":{"line":149,"column":4}},"149":{"start":{"line":150,"column":0},"end":{"line":150,"column":10}},"150":{"start":{"line":151,"column":0},"end":{"line":151,"column":12}},"151":{"start":{"line":152,"column":0},"end":{"line":152,"column":4}},"152":{"start":{"line":153,"column":0},"end":{"line":153,"column":11}},"153":{"start":{"line":154,"column":0},"end":{"line":154,"column":25}},"154":{"start":{"line":155,"column":0},"end":{"line":155,"column":25}},"155":{"start":{"line":156,"column":0},"end":{"line":156,"column":36}},"156":{"start":{"line":157,"column":0},"end":{"line":157,"column":26}},"157":{"start":{"line":158,"column":0},"end":{"line":158,"column":19}},"158":{"start":{"line":159,"column":0},"end":{"line":159,"column":22}},"159":{"start":{"line":160,"column":0},"end":{"line":160,"column":34}},"160":{"start":{"line":161,"column":0},"end":{"line":161,"column":25}},"161":{"start":{"line":162,"column":0},"end":{"line":162,"column":37}},"162":{"start":{"line":163,"column":0},"end":{"line":163,"column":4}},"163":{"start":{"line":164,"column":0},"end":{"line":164,"column":12}},"164":{"start":{"line":165,"column":0},"end":{"line":165,"column":17}},"165":{"start":{"line":166,"column":0},"end":{"line":166,"column":4}},"166":{"start":{"line":167,"column":0},"end":{"line":167,"column":13}},"167":{"start":{"line":168,"column":0},"end":{"line":168,"column":17}},"168":{"start":{"line":169,"column":0},"end":{"line":169,"column":26}},"169":{"start":{"line":170,"column":0},"end":{"line":170,"column":22}},"170":{"start":{"line":171,"column":0},"end":{"line":171,"column":4}},"171":{"start":{"line":172,"column":0},"end":{"line":172,"column":16}},"172":{"start":{"line":173,"column":0},"end":{"line":173,"column":17}},"173":{"start":{"line":174,"column":0},"end":{"line":174,"column":22}},"174":{"start":{"line":175,"column":0},"end":{"line":175,"column":29}},"175":{"start":{"line":176,"column":0},"end":{"line":176,"column":4}},"176":{"start":{"line":177,"column":0},"end":{"line":177,"column":17}},"177":{"start":{"line":178,"column":0},"end":{"line":178,"column":17}},"178":{"start":{"line":179,"column":0},"end":{"line":179,"column":4}},"179":{"start":{"line":180,"column":0},"end":{"line":180,"column":11}},"180":{"start":{"line":181,"column":0},"end":{"line":181,"column":16}},"181":{"start":{"line":182,"column":0},"end":{"line":182,"column":11}},"182":{"start":{"line":183,"column":0},"end":{"line":183,"column":22}},"183":{"start":{"line":184,"column":0},"end":{"line":184,"column":4}},"184":{"start":{"line":185,"column":0},"end":{"line":185,"column":13}},"185":{"start":{"line":186,"column":0},"end":{"line":186,"column":17}},"186":{"start":{"line":187,"column":0},"end":{"line":187,"column":24}},"187":{"start":{"line":188,"column":0},"end":{"line":188,"column":21}},"188":{"start":{"line":189,"column":0},"end":{"line":189,"column":4}},"189":{"start":{"line":190,"column":0},"end":{"line":190,"column":9}},"190":{"start":{"line":191,"column":0},"end":{"line":191,"column":12}},"191":{"start":{"line":192,"column":0},"end":{"line":192,"column":4}},"192":{"start":{"line":193,"column":0},"end":{"line":193,"column":12}},"193":{"start":{"line":194,"column":0},"end":{"line":194,"column":25}},"194":{"start":{"line":195,"column":0},"end":{"line":195,"column":12}},"195":{"start":{"line":196,"column":0},"end":{"line":196,"column":17}},"196":{"start":{"line":197,"column":0},"end":{"line":197,"column":4}},"197":{"start":{"line":198,"column":0},"end":{"line":198,"column":3}}},"s":{"0":1,"1":1,"2":1,"3":1,"4":1,"5":1,"6":1,"7":1,"8":1,"9":1,"10":1,"11":1,"12":1,"13":1,"14":1,"15":1,"16":1,"17":1,"18":25,"19":25,"20":25,"21":25,"22":25,"23":25,"24":25,"25":25,"26":6,"27":6,"28":6,"29":1,"30":1,"31":1,"32":6,"33":1,"34":1,"35":1,"36":4,"37":4,"38":4,"39":4,"40":4,"41":6,"42":6,"43":6,"44":6,"45":4,"46":6,"47":2,"48":2,"49":2,"50":2,"51":2,"52":2,"53":6,"54":1,"55":1,"56":1,"57":1,"58":1,"59":1,"60":1,"61":25,"62":25,"63":25,"64":25,"65":25,"66":25,"67":25,"68":25,"69":25,"70":25,"71":25,"72":25,"73":25,"74":25,"75":25,"76":25,"77":25,"78":25,"79":25,"80":25,"81":25,"82":25,"83":25,"84":25,"85":25,"86":25,"87":25,"88":25,"89":25,"90":25,"91":25,"92":25,"93":25,"94":25,"95":25,"96":25,"97":25,"98":25,"99":25,"100":25,"101":25,"102":25,"103":25,"104":25,"105":25,"106":25,"107":25,"108":25,"109":25,"110":25,"111":25,"112":25,"113":25,"114":25,"115":25,"116":25,"117":25,"118":25,"119":25,"120":25,"121":25,"122":25,"123":25,"124":25,"125":25,"126":25,"127":25,"128":25,"129":25,"130":25,"131":25,"132":25,"133":25,"134":25,"135":25,"136":25,"137":25,"138":25,"139":25,"140":25,"141":25,"142":25,"143":1,"144":1,"145":1,"146":1,"147":1,"148":1,"149":1,"150":1,"151":1,"152":1,"153":1,"154":1,"155":1,"156":1,"157":1,"158":1,"159":1,"160":1,"161":1,"162":1,"163":1,"164":1,"165":1,"166":1,"167":1,"168":1,"169":1,"170":1,"171":1,"172":1,"173":1,"174":1,"175":1,"176":1,"177":1,"178":1,"179":1,"180":1,"181":1,"182":1,"183":1,"184":1,"185":1,"186":1,"187":1,"188":1,"189":1,"190":1,"191":1,"192":1,"193":1,"194":1,"195":1,"196":1,"197":1},"branchMap":{"0":{"type":"branch","line":18,"loc":{"start":{"line":18,"column":15},"end":{"line":143,"column":1}},"locations":[{"start":{"line":18,"column":15},"end":{"line":143,"column":1}}]},"1":{"type":"branch","line":67,"loc":{"start":{"line":67,"column":49},"end":{"line":67,"column":61}},"locations":[{"start":{"line":67,"column":49},"end":{"line":67,"column":61}}]},"2":{"type":"branch","line":120,"loc":{"start":{"line":120,"column":16},"end":{"line":120,"column":52}},"locations":[{"start":{"line":120,"column":16},"end":{"line":120,"column":52}}]},"3":{"type":"branch","line":26,"loc":{"start":{"line":26,"column":20},"end":{"line":26,"column":23}},"locations":[{"start":{"line":26,"column":20},"end":{"line":26,"column":23}}]},"4":{"type":"branch","line":26,"loc":{"start":{"line":26,"column":23},"end":{"line":62,"column":3}},"locations":[{"start":{"line":26,"column":23},"end":{"line":62,"column":3}}]},"5":{"type":"branch","line":29,"loc":{"start":{"line":29,"column":32},"end":{"line":32,"column":5}},"locations":[{"start":{"line":29,"column":32},"end":{"line":32,"column":5}}]},"6":{"type":"branch","line":32,"loc":{"start":{"line":32,"column":4},"end":{"line":33,"column":33}},"locations":[{"start":{"line":32,"column":4},"end":{"line":33,"column":33}}]},"7":{"type":"branch","line":33,"loc":{"start":{"line":33,"column":33},"end":{"line":36,"column":5}},"locations":[{"start":{"line":33,"column":33},"end":{"line":36,"column":5}}]},"8":{"type":"branch","line":36,"loc":{"start":{"line":36,"column":4},"end":{"line":42,"column":29}},"locations":[{"start":{"line":36,"column":4},"end":{"line":42,"column":29}}]},"9":{"type":"branch","line":44,"loc":{"start":{"line":44,"column":25},"end":{"line":44,"column":34}},"locations":[{"start":{"line":44,"column":25},"end":{"line":44,"column":34}}]},"10":{"type":"branch","line":45,"loc":{"start":{"line":45,"column":6},"end":{"line":47,"column":31}},"locations":[{"start":{"line":45,"column":6},"end":{"line":47,"column":31}}]},"11":{"type":"branch","line":47,"loc":{"start":{"line":47,"column":27},"end":{"line":47,"column":50}},"locations":[{"start":{"line":47,"column":27},"end":{"line":47,"column":50}}]},"12":{"type":"branch","line":47,"loc":{"start":{"line":47,"column":52},"end":{"line":54,"column":31}},"locations":[{"start":{"line":47,"column":52},"end":{"line":54,"column":31}}]},"13":{"type":"branch","line":48,"loc":{"start":{"line":48,"column":34},"end":{"line":48,"column":38}},"locations":[{"start":{"line":48,"column":34},"end":{"line":48,"column":38}}]},"14":{"type":"branch","line":48,"loc":{"start":{"line":48,"column":34},"end":{"line":48,"column":66}},"locations":[{"start":{"line":48,"column":34},"end":{"line":48,"column":66}}]},"15":{"type":"branch","line":54,"loc":{"start":{"line":54,"column":27},"end":{"line":54,"column":50}},"locations":[{"start":{"line":54,"column":27},"end":{"line":54,"column":50}}]},"16":{"type":"branch","line":54,"loc":{"start":{"line":54,"column":52},"end":{"line":62,"column":3}},"locations":[{"start":{"line":54,"column":52},"end":{"line":62,"column":3}}]},"17":{"type":"branch","line":55,"loc":{"start":{"line":55,"column":34},"end":{"line":55,"column":65}},"locations":[{"start":{"line":55,"column":34},"end":{"line":55,"column":65}}]},"18":{"type":"branch","line":70,"loc":{"start":{"line":70,"column":35},"end":{"line":70,"column":55}},"locations":[{"start":{"line":70,"column":35},"end":{"line":70,"column":55}}]},"19":{"type":"branch","line":125,"loc":{"start":{"line":125,"column":23},"end":{"line":125,"column":43}},"locations":[{"start":{"line":125,"column":23},"end":{"line":125,"column":43}}]}},"b":{"0":[25],"1":[0],"2":[5],"3":[25],"4":[6],"5":[1],"6":[5],"7":[1],"8":[4],"9":[4],"10":[4],"11":[3],"12":[2],"13":[1],"14":[1],"15":[1],"16":[1],"17":[0],"18":[1],"19":[1]},"fnMap":{"0":{"name":"NuevoInformeScreen","decl":{"start":{"line":18,"column":15},"end":{"line":143,"column":1}},"loc":{"start":{"line":18,"column":15},"end":{"line":143,"column":1}},"line":18},"1":{"name":"onPress","decl":{"start":{"line":70,"column":35},"end":{"line":70,"column":55}},"loc":{"start":{"line":70,"column":35},"end":{"line":70,"column":55}},"line":70},"2":{"name":"onPress","decl":{"start":{"line":125,"column":23},"end":{"line":125,"column":43}},"loc":{"start":{"line":125,"column":23},"end":{"line":125,"column":43}},"line":125}},"f":{"0":25,"1":1,"2":1}}
,"/Users/agustincassani/Documents/projects/surfercoder/imi/IMI/app/(app)/grabar/[id].tsx": {"path":"/Users/agustincassani/Documents/projects/surfercoder/imi/IMI/app/(app)/grabar/[id].tsx","all":false,"statementMap":{"0":{"start":{"line":1,"column":0},"end":{"line":1,"column":72}},"1":{"start":{"line":2,"column":0},"end":{"line":2,"column":8}},"2":{"start":{"line":3,"column":0},"end":{"line":3,"column":7}},"3":{"start":{"line":4,"column":0},"end":{"line":4,"column":7}},"4":{"start":{"line":5,"column":0},"end":{"line":5,"column":13}},"5":{"start":{"line":6,"column":0},"end":{"line":6,"column":13}},"6":{"start":{"line":7,"column":0},"end":{"line":7,"column":19}},"7":{"start":{"line":8,"column":0},"end":{"line":8,"column":8}},"8":{"start":{"line":9,"column":0},"end":{"line":9,"column":11}},"9":{"start":{"line":10,"column":0},"end":{"line":10,"column":22}},"10":{"start":{"line":11,"column":0},"end":{"line":11,"column":59}},"11":{"start":{"line":12,"column":0},"end":{"line":12,"column":32}},"12":{"start":{"line":13,"column":0},"end":{"line":13,"column":105}},"13":{"start":{"line":14,"column":0},"end":{"line":14,"column":48}},"14":{"start":{"line":15,"column":0},"end":{"line":15,"column":48}},"15":{"start":{"line":16,"column":0},"end":{"line":16,"column":0}},"16":{"start":{"line":17,"column":0},"end":{"line":17,"column":20}},"17":{"start":{"line":18,"column":0},"end":{"line":18,"column":10}},"18":{"start":{"line":19,"column":0},"end":{"line":19,"column":16}},"19":{"start":{"line":20,"column":0},"end":{"line":20,"column":15}},"20":{"start":{"line":21,"column":0},"end":{"line":21,"column":12}},"21":{"start":{"line":22,"column":0},"end":{"line":22,"column":13}},"22":{"start":{"line":23,"column":0},"end":{"line":23,"column":15}},"23":{"start":{"line":24,"column":0},"end":{"line":24,"column":16}},"24":{"start":{"line":25,"column":0},"end":{"line":25,"column":10}},"25":{"start":{"line":26,"column":0},"end":{"line":26,"column":12}},"26":{"start":{"line":27,"column":0},"end":{"line":27,"column":0}},"27":{"start":{"line":28,"column":0},"end":{"line":28,"column":23}},"28":{"start":{"line":29,"column":0},"end":{"line":29,"column":15}},"29":{"start":{"line":30,"column":0},"end":{"line":30,"column":16}},"30":{"start":{"line":31,"column":0},"end":{"line":31,"column":21}},"31":{"start":{"line":32,"column":0},"end":{"line":32,"column":23}},"32":{"start":{"line":33,"column":0},"end":{"line":33,"column":1}},"33":{"start":{"line":34,"column":0},"end":{"line":34,"column":0}},"34":{"start":{"line":35,"column":0},"end":{"line":35,"column":40}},"35":{"start":{"line":36,"column":0},"end":{"line":36,"column":56}},"36":{"start":{"line":37,"column":0},"end":{"line":37,"column":29}},"37":{"start":{"line":38,"column":0},"end":{"line":38,"column":0}},"38":{"start":{"line":39,"column":0},"end":{"line":39,"column":60}},"39":{"start":{"line":40,"column":0},"end":{"line":40,"column":58}},"40":{"start":{"line":41,"column":0},"end":{"line":41,"column":46}},"41":{"start":{"line":42,"column":0},"end":{"line":42,"column":46}},"42":{"start":{"line":43,"column":0},"end":{"line":43,"column":57}},"43":{"start":{"line":44,"column":0},"end":{"line":44,"column":67}},"44":{"start":{"line":45,"column":0},"end":{"line":45,"column":61}},"45":{"start":{"line":46,"column":0},"end":{"line":46,"column":0}},"46":{"start":{"line":47,"column":0},"end":{"line":47,"column":60}},"47":{"start":{"line":48,"column":0},"end":{"line":48,"column":71}},"48":{"start":{"line":49,"column":0},"end":{"line":49,"column":32}},"49":{"start":{"line":50,"column":0},"end":{"line":50,"column":0}},"50":{"start":{"line":51,"column":0},"end":{"line":51,"column":19}},"51":{"start":{"line":52,"column":0},"end":{"line":52,"column":20}},"52":{"start":{"line":53,"column":0},"end":{"line":53,"column":37}},"53":{"start":{"line":54,"column":0},"end":{"line":54,"column":24}},"54":{"start":{"line":55,"column":0},"end":{"line":55,"column":48}},"55":{"start":{"line":56,"column":0},"end":{"line":56,"column":30}},"56":{"start":{"line":57,"column":0},"end":{"line":57,"column":49}},"57":{"start":{"line":58,"column":0},"end":{"line":58,"column":50}},"58":{"start":{"line":59,"column":0},"end":{"line":59,"column":9}},"59":{"start":{"line":60,"column":0},"end":{"line":60,"column":7}},"60":{"start":{"line":61,"column":0},"end":{"line":61,"column":31}},"61":{"start":{"line":62,"column":0},"end":{"line":62,"column":7}},"62":{"start":{"line":63,"column":0},"end":{"line":63,"column":11}},"63":{"start":{"line":64,"column":0},"end":{"line":64,"column":0}},"64":{"start":{"line":65,"column":0},"end":{"line":65,"column":19}},"65":{"start":{"line":66,"column":0},"end":{"line":66,"column":68}},"66":{"start":{"line":67,"column":0},"end":{"line":67,"column":64}},"67":{"start":{"line":68,"column":0},"end":{"line":68,"column":25}},"68":{"start":{"line":69,"column":0},"end":{"line":69,"column":7}},"69":{"start":{"line":70,"column":0},"end":{"line":70,"column":7}},"70":{"start":{"line":71,"column":0},"end":{"line":71,"column":30}},"71":{"start":{"line":72,"column":0},"end":{"line":72,"column":14}},"72":{"start":{"line":73,"column":0},"end":{"line":73,"column":0}},"73":{"start":{"line":74,"column":0},"end":{"line":74,"column":19}},"74":{"start":{"line":75,"column":0},"end":{"line":75,"column":18}},"75":{"start":{"line":76,"column":0},"end":{"line":76,"column":18}},"76":{"start":{"line":77,"column":0},"end":{"line":77,"column":33}},"77":{"start":{"line":78,"column":0},"end":{"line":78,"column":66}},"78":{"start":{"line":79,"column":0},"end":{"line":79,"column":7}},"79":{"start":{"line":80,"column":0},"end":{"line":80,"column":6}},"80":{"start":{"line":81,"column":0},"end":{"line":81,"column":9}},"81":{"start":{"line":82,"column":0},"end":{"line":82,"column":0}},"82":{"start":{"line":83,"column":0},"end":{"line":83,"column":39}},"83":{"start":{"line":84,"column":0},"end":{"line":84,"column":27}},"84":{"start":{"line":85,"column":0},"end":{"line":85,"column":38}},"85":{"start":{"line":86,"column":0},"end":{"line":86,"column":30}},"86":{"start":{"line":87,"column":0},"end":{"line":87,"column":5}},"87":{"start":{"line":88,"column":0},"end":{"line":88,"column":9}},"88":{"start":{"line":89,"column":0},"end":{"line":89,"column":0}},"89":{"start":{"line":90,"column":0},"end":{"line":90,"column":40}},"90":{"start":{"line":91,"column":0},"end":{"line":91,"column":16}},"91":{"start":{"line":92,"column":0},"end":{"line":92,"column":42}},"92":{"start":{"line":93,"column":0},"end":{"line":93,"column":31}},"93":{"start":{"line":94,"column":0},"end":{"line":94,"column":39}},"94":{"start":{"line":95,"column":0},"end":{"line":95,"column":13}},"95":{"start":{"line":96,"column":0},"end":{"line":96,"column":18}},"96":{"start":{"line":97,"column":0},"end":{"line":97,"column":0}},"97":{"start":{"line":98,"column":0},"end":{"line":98,"column":44}},"98":{"start":{"line":99,"column":0},"end":{"line":99,"column":64}},"99":{"start":{"line":100,"column":0},"end":{"line":100,"column":54}},"100":{"start":{"line":101,"column":0},"end":{"line":101,"column":23}},"101":{"start":{"line":102,"column":0},"end":{"line":102,"column":4}},"102":{"start":{"line":103,"column":0},"end":{"line":103,"column":0}},"103":{"start":{"line":104,"column":0},"end":{"line":104,"column":38}},"104":{"start":{"line":105,"column":0},"end":{"line":105,"column":19}},"105":{"start":{"line":106,"column":0},"end":{"line":106,"column":27}},"106":{"start":{"line":107,"column":0},"end":{"line":107,"column":0}},"107":{"start":{"line":108,"column":0},"end":{"line":108,"column":9}},"108":{"start":{"line":109,"column":0},"end":{"line":109,"column":63}},"109":{"start":{"line":110,"column":0},"end":{"line":110,"column":33}},"110":{"start":{"line":111,"column":0},"end":{"line":111,"column":95}},"111":{"start":{"line":112,"column":0},"end":{"line":112,"column":26}},"112":{"start":{"line":113,"column":0},"end":{"line":113,"column":15}},"113":{"start":{"line":114,"column":0},"end":{"line":114,"column":7}},"114":{"start":{"line":115,"column":0},"end":{"line":115,"column":0}},"115":{"start":{"line":116,"column":0},"end":{"line":116,"column":37}},"116":{"start":{"line":117,"column":0},"end":{"line":117,"column":33}},"117":{"start":{"line":118,"column":0},"end":{"line":118,"column":35}},"118":{"start":{"line":119,"column":0},"end":{"line":119,"column":9}},"119":{"start":{"line":120,"column":0},"end":{"line":120,"column":0}},"120":{"start":{"line":121,"column":0},"end":{"line":121,"column":62}},"121":{"start":{"line":122,"column":0},"end":{"line":122,"column":50}},"122":{"start":{"line":123,"column":0},"end":{"line":123,"column":8}},"123":{"start":{"line":124,"column":0},"end":{"line":124,"column":0}},"124":{"start":{"line":125,"column":0},"end":{"line":125,"column":39}},"125":{"start":{"line":126,"column":0},"end":{"line":126,"column":30}},"126":{"start":{"line":127,"column":0},"end":{"line":127,"column":21}},"127":{"start":{"line":128,"column":0},"end":{"line":128,"column":28}},"128":{"start":{"line":129,"column":0},"end":{"line":129,"column":19}},"129":{"start":{"line":130,"column":0},"end":{"line":130,"column":19}},"130":{"start":{"line":131,"column":0},"end":{"line":131,"column":87}},"131":{"start":{"line":132,"column":0},"end":{"line":132,"column":20}},"132":{"start":{"line":133,"column":0},"end":{"line":133,"column":24}},"133":{"start":{"line":134,"column":0},"end":{"line":134,"column":5}},"134":{"start":{"line":135,"column":0},"end":{"line":135,"column":4}},"135":{"start":{"line":136,"column":0},"end":{"line":136,"column":0}},"136":{"start":{"line":137,"column":0},"end":{"line":137,"column":38}},"137":{"start":{"line":138,"column":0},"end":{"line":138,"column":56}},"138":{"start":{"line":139,"column":0},"end":{"line":139,"column":46}},"139":{"start":{"line":140,"column":0},"end":{"line":140,"column":18}},"140":{"start":{"line":141,"column":0},"end":{"line":141,"column":25}},"141":{"start":{"line":142,"column":0},"end":{"line":142,"column":5}},"142":{"start":{"line":143,"column":0},"end":{"line":143,"column":4}},"143":{"start":{"line":144,"column":0},"end":{"line":144,"column":0}},"144":{"start":{"line":145,"column":0},"end":{"line":145,"column":39}},"145":{"start":{"line":146,"column":0},"end":{"line":146,"column":53}},"146":{"start":{"line":147,"column":0},"end":{"line":147,"column":46}},"147":{"start":{"line":148,"column":0},"end":{"line":148,"column":19}},"148":{"start":{"line":149,"column":0},"end":{"line":149,"column":28}},"149":{"start":{"line":150,"column":0},"end":{"line":150,"column":5}},"150":{"start":{"line":151,"column":0},"end":{"line":151,"column":4}},"151":{"start":{"line":152,"column":0},"end":{"line":152,"column":0}},"152":{"start":{"line":153,"column":0},"end":{"line":153,"column":38}},"153":{"start":{"line":154,"column":0},"end":{"line":154,"column":29}},"154":{"start":{"line":155,"column":0},"end":{"line":155,"column":16}},"155":{"start":{"line":156,"column":0},"end":{"line":156,"column":0}},"156":{"start":{"line":157,"column":0},"end":{"line":157,"column":9}},"157":{"start":{"line":158,"column":0},"end":{"line":158,"column":26}},"158":{"start":{"line":159,"column":0},"end":{"line":159,"column":39}},"159":{"start":{"line":160,"column":0},"end":{"line":160,"column":33}},"160":{"start":{"line":161,"column":0},"end":{"line":161,"column":0}},"161":{"start":{"line":162,"column":0},"end":{"line":162,"column":33}},"162":{"start":{"line":163,"column":0},"end":{"line":163,"column":56}},"163":{"start":{"line":164,"column":0},"end":{"line":164,"column":69}},"164":{"start":{"line":165,"column":0},"end":{"line":165,"column":62}},"165":{"start":{"line":166,"column":0},"end":{"line":166,"column":67}},"166":{"start":{"line":167,"column":0},"end":{"line":167,"column":34}},"167":{"start":{"line":168,"column":0},"end":{"line":168,"column":33}},"168":{"start":{"line":169,"column":0},"end":{"line":169,"column":9}},"169":{"start":{"line":170,"column":0},"end":{"line":170,"column":36}},"170":{"start":{"line":171,"column":0},"end":{"line":171,"column":7}},"171":{"start":{"line":172,"column":0},"end":{"line":172,"column":0}},"172":{"start":{"line":173,"column":0},"end":{"line":173,"column":28}},"173":{"start":{"line":174,"column":0},"end":{"line":174,"column":22}},"174":{"start":{"line":175,"column":0},"end":{"line":175,"column":48}},"175":{"start":{"line":176,"column":0},"end":{"line":176,"column":0}},"176":{"start":{"line":177,"column":0},"end":{"line":177,"column":40}},"177":{"start":{"line":178,"column":0},"end":{"line":178,"column":21}},"178":{"start":{"line":179,"column":0},"end":{"line":179,"column":80}},"179":{"start":{"line":180,"column":0},"end":{"line":180,"column":32}},"180":{"start":{"line":181,"column":0},"end":{"line":181,"column":40}},"181":{"start":{"line":182,"column":0},"end":{"line":182,"column":9}},"182":{"start":{"line":183,"column":0},"end":{"line":183,"column":7}},"183":{"start":{"line":184,"column":0},"end":{"line":184,"column":0}},"184":{"start":{"line":185,"column":0},"end":{"line":185,"column":22}},"185":{"start":{"line":186,"column":0},"end":{"line":186,"column":29}},"186":{"start":{"line":187,"column":0},"end":{"line":187,"column":56}},"187":{"start":{"line":188,"column":0},"end":{"line":188,"column":0}},"188":{"start":{"line":189,"column":0},"end":{"line":189,"column":24}},"189":{"start":{"line":190,"column":0},"end":{"line":190,"column":82}},"190":{"start":{"line":191,"column":0},"end":{"line":191,"column":82}},"191":{"start":{"line":192,"column":0},"end":{"line":192,"column":0}},"192":{"start":{"line":193,"column":0},"end":{"line":193,"column":22}},"193":{"start":{"line":194,"column":0},"end":{"line":194,"column":48}},"194":{"start":{"line":195,"column":0},"end":{"line":195,"column":0}},"195":{"start":{"line":196,"column":0},"end":{"line":196,"column":75}},"196":{"start":{"line":197,"column":0},"end":{"line":197,"column":0}},"197":{"start":{"line":198,"column":0},"end":{"line":198,"column":23}},"198":{"start":{"line":199,"column":0},"end":{"line":199,"column":0}},"199":{"start":{"line":200,"column":0},"end":{"line":200,"column":25}},"200":{"start":{"line":201,"column":0},"end":{"line":201,"column":31}},"201":{"start":{"line":202,"column":0},"end":{"line":202,"column":26}},"202":{"start":{"line":203,"column":0},"end":{"line":203,"column":14}},"203":{"start":{"line":204,"column":0},"end":{"line":204,"column":25}},"204":{"start":{"line":205,"column":0},"end":{"line":205,"column":26}},"205":{"start":{"line":206,"column":0},"end":{"line":206,"column":50}},"206":{"start":{"line":207,"column":0},"end":{"line":207,"column":17}},"207":{"start":{"line":208,"column":0},"end":{"line":208,"column":7}},"208":{"start":{"line":209,"column":0},"end":{"line":209,"column":19}},"209":{"start":{"line":210,"column":0},"end":{"line":210,"column":75}},"210":{"start":{"line":211,"column":0},"end":{"line":211,"column":20}},"211":{"start":{"line":212,"column":0},"end":{"line":212,"column":24}},"212":{"start":{"line":213,"column":0},"end":{"line":213,"column":45}},"213":{"start":{"line":214,"column":0},"end":{"line":214,"column":5}},"214":{"start":{"line":215,"column":0},"end":{"line":215,"column":4}},"215":{"start":{"line":216,"column":0},"end":{"line":216,"column":0}},"216":{"start":{"line":217,"column":0},"end":{"line":217,"column":29}},"217":{"start":{"line":218,"column":0},"end":{"line":218,"column":16}},"218":{"start":{"line":219,"column":0},"end":{"line":219,"column":27}},"219":{"start":{"line":220,"column":0},"end":{"line":220,"column":70}},"220":{"start":{"line":221,"column":0},"end":{"line":221,"column":7}},"221":{"start":{"line":222,"column":0},"end":{"line":222,"column":46}},"222":{"start":{"line":223,"column":0},"end":{"line":223,"column":77}},"223":{"start":{"line":224,"column":0},"end":{"line":224,"column":7}},"224":{"start":{"line":225,"column":0},"end":{"line":225,"column":6}},"225":{"start":{"line":226,"column":0},"end":{"line":226,"column":4}},"226":{"start":{"line":227,"column":0},"end":{"line":227,"column":0}},"227":{"start":{"line":228,"column":0},"end":{"line":228,"column":31}},"228":{"start":{"line":229,"column":0},"end":{"line":229,"column":21}},"229":{"start":{"line":230,"column":0},"end":{"line":230,"column":19}},"230":{"start":{"line":231,"column":0},"end":{"line":231,"column":19}},"231":{"start":{"line":232,"column":0},"end":{"line":232,"column":28}},"232":{"start":{"line":233,"column":0},"end":{"line":233,"column":19}},"233":{"start":{"line":234,"column":0},"end":{"line":234,"column":25}},"234":{"start":{"line":235,"column":0},"end":{"line":235,"column":4}},"235":{"start":{"line":236,"column":0},"end":{"line":236,"column":0}},"236":{"start":{"line":237,"column":0},"end":{"line":237,"column":78}},"237":{"start":{"line":238,"column":0},"end":{"line":238,"column":41}},"238":{"start":{"line":239,"column":0},"end":{"line":239,"column":38}},"239":{"start":{"line":240,"column":0},"end":{"line":240,"column":0}},"240":{"start":{"line":241,"column":0},"end":{"line":241,"column":32}},"241":{"start":{"line":242,"column":0},"end":{"line":242,"column":89}},"242":{"start":{"line":243,"column":0},"end":{"line":243,"column":95}},"243":{"start":{"line":244,"column":0},"end":{"line":244,"column":103}},"244":{"start":{"line":245,"column":0},"e
[...]
n":40}},"56":{"start":{"line":57,"column":0},"end":{"line":57,"column":21}},"57":{"start":{"line":58,"column":0},"end":{"line":58,"column":46}},"58":{"start":{"line":59,"column":0},"end":{"line":59,"column":29}},"59":{"start":{"line":60,"column":0},"end":{"line":60,"column":47}},"60":{"start":{"line":61,"column":0},"end":{"line":61,"column":0}},"61":{"start":{"line":62,"column":0},"end":{"line":62,"column":45}},"62":{"start":{"line":63,"column":0},"end":{"line":63,"column":18}},"63":{"start":{"line":64,"column":0},"end":{"line":64,"column":1}},"64":{"start":{"line":65,"column":0},"end":{"line":65,"column":0}},"65":{"start":{"line":66,"column":0},"end":{"line":66,"column":53}},"66":{"start":{"line":67,"column":0},"end":{"line":67,"column":9}},"67":{"start":{"line":68,"column":0},"end":{"line":68,"column":19}},"68":{"start":{"line":69,"column":0},"end":{"line":69,"column":36}},"69":{"start":{"line":70,"column":0},"end":{"line":70,"column":48}},"70":{"start":{"line":71,"column":0},"end":{"line":71,"column":0}},"71":{"start":{"line":72,"column":0},"end":{"line":72,"column":40}},"72":{"start":{"line":73,"column":0},"end":{"line":73,"column":21}},"73":{"start":{"line":74,"column":0},"end":{"line":74,"column":51}},"74":{"start":{"line":75,"column":0},"end":{"line":75,"column":24}},"75":{"start":{"line":76,"column":0},"end":{"line":76,"column":29}},"76":{"start":{"line":77,"column":0},"end":{"line":77,"column":14}},"77":{"start":{"line":78,"column":0},"end":{"line":78,"column":0}},"78":{"start":{"line":79,"column":0},"end":{"line":79,"column":45}},"79":{"start":{"line":80,"column":0},"end":{"line":80,"column":18}},"80":{"start":{"line":81,"column":0},"end":{"line":81,"column":1}},"81":{"start":{"line":82,"column":0},"end":{"line":82,"column":0}},"82":{"start":{"line":83,"column":0},"end":{"line":83,"column":42}},"83":{"start":{"line":84,"column":0},"end":{"line":84,"column":20}},"84":{"start":{"line":85,"column":0},"end":{"line":85,"column":17}},"85":{"start":{"line":86,"column":0},"end":{"line":86,"column":11}},"86":{"start":{"line":87,"column":0},"end":{"line":87,"column":24}},"87":{"start":{"line":88,"column":0},"end":{"line":88,"column":24}},"88":{"start":{"line":89,"column":0},"end":{"line":89,"column":28}},"89":{"start":{"line":90,"column":0},"end":{"line":90,"column":30}},"90":{"start":{"line":91,"column":0},"end":{"line":91,"column":22}},"91":{"start":{"line":92,"column":0},"end":{"line":92,"column":3}},"92":{"start":{"line":93,"column":0},"end":{"line":93,"column":3}},"93":{"start":{"line":94,"column":0},"end":{"line":94,"column":9}},"94":{"start":{"line":95,"column":0},"end":{"line":95,"column":19}},"95":{"start":{"line":96,"column":0},"end":{"line":96,"column":36}},"96":{"start":{"line":97,"column":0},"end":{"line":97,"column":48}},"97":{"start":{"line":98,"column":0},"end":{"line":98,"column":0}},"98":{"start":{"line":99,"column":0},"end":{"line":99,"column":34}},"99":{"start":{"line":100,"column":0},"end":{"line":100,"column":21}},"100":{"start":{"line":101,"column":0},"end":{"line":101,"column":33}},"101":{"start":{"line":102,"column":0},"end":{"line":102,"column":24}},"102":{"start":{"line":103,"column":0},"end":{"line":103,"column":30}},"103":{"start":{"line":104,"column":0},"end":{"line":104,"column":0}},"104":{"start":{"line":105,"column":0},"end":{"line":105,"column":45}},"105":{"start":{"line":106,"column":0},"end":{"line":106,"column":27}},"106":{"start":{"line":107,"column":0},"end":{"line":107,"column":1}},"107":{"start":{"line":108,"column":0},"end":{"line":108,"column":0}},"108":{"start":{"line":109,"column":0},"end":{"line":109,"column":56}},"109":{"start":{"line":110,"column":0},"end":{"line":110,"column":41}},"110":{"start":{"line":111,"column":0},"end":{"line":111,"column":25}},"111":{"start":{"line":112,"column":0},"end":{"line":112,"column":36}},"112":{"start":{"line":113,"column":0},"end":{"line":113,"column":33}},"113":{"start":{"line":114,"column":0},"end":{"line":114,"column":1}},"114":{"start":{"line":115,"column":0},"end":{"line":115,"column":0}},"115":{"start":{"line":116,"column":0},"end":{"line":116,"column":34}},"116":{"start":{"line":117,"column":0},"end":{"line":117,"column":19}},"117":{"start":{"line":118,"column":0},"end":{"line":118,"column":20}},"118":{"start":{"line":119,"column":0},"end":{"line":119,"column":19}},"119":{"start":{"line":120,"column":0},"end":{"line":120,"column":18}},"120":{"start":{"line":121,"column":0},"end":{"line":121,"column":3}},"121":{"start":{"line":122,"column":0},"end":{"line":122,"column":83}},"122":{"start":{"line":123,"column":0},"end":{"line":123,"column":63}},"123":{"start":{"line":124,"column":0},"end":{"line":124,"column":0}},"124":{"start":{"line":125,"column":0},"end":{"line":125,"column":41}},"125":{"start":{"line":126,"column":0},"end":{"line":126,"column":37}},"126":{"start":{"line":127,"column":0},"end":{"line":127,"column":0}},"127":{"start":{"line":128,"column":0},"end":{"line":128,"column":42}},"128":{"start":{"line":129,"column":0},"end":{"line":129,"column":29}},"129":{"start":{"line":130,"column":0},"end":{"line":130,"column":29}},"130":{"start":{"line":131,"column":0},"end":{"line":131,"column":28}},"131":{"start":{"line":132,"column":0},"end":{"line":132,"column":19}},"132":{"start":{"line":133,"column":0},"end":{"line":133,"column":7}},"133":{"start":{"line":134,"column":0},"end":{"line":134,"column":0}},"134":{"start":{"line":135,"column":0},"end":{"line":135,"column":45}},"135":{"start":{"line":136,"column":0},"end":{"line":136,"column":28}},"136":{"start":{"line":137,"column":0},"end":{"line":137,"column":1}},"137":{"start":{"line":138,"column":0},"end":{"line":138,"column":0}},"138":{"start":{"line":139,"column":0},"end":{"line":139,"column":43}},"139":{"start":{"line":140,"column":0},"end":{"line":140,"column":20}},"140":{"start":{"line":141,"column":0},"end":{"line":141,"column":21}},"141":{"start":{"line":142,"column":0},"end":{"line":142,"column":20}},"142":{"start":{"line":143,"column":0},"end":{"line":143,"column":3}},"143":{"start":{"line":144,"column":0},"end":{"line":144,"column":9}},"144":{"start":{"line":145,"column":0},"end":{"line":145,"column":19}},"145":{"start":{"line":146,"column":0},"end":{"line":146,"column":36}},"146":{"start":{"line":147,"column":0},"end":{"line":147,"column":48}},"147":{"start":{"line":148,"column":0},"end":{"line":148,"column":0}},"148":{"start":{"line":149,"column":0},"end":{"line":149,"column":54}},"149":{"start":{"line":150,"column":0},"end":{"line":150,"column":15}},"150":{"start":{"line":151,"column":0},"end":{"line":151,"column":26}},"151":{"start":{"line":152,"column":0},"end":{"line":152,"column":5}},"152":{"start":{"line":153,"column":0},"end":{"line":153,"column":0}},"153":{"start":{"line":154,"column":0},"end":{"line":154,"column":7}},"154":{"start":{"line":155,"column":0},"end":{"line":155,"column":67}},"155":{"start":{"line":156,"column":0},"end":{"line":156,"column":46}},"156":{"start":{"line":157,"column":0},"end":{"line":157,"column":0}},"157":{"start":{"line":158,"column":0},"end":{"line":158,"column":33}},"158":{"start":{"line":159,"column":0},"end":{"line":159,"column":77}},"159":{"start":{"line":160,"column":0},"end":{"line":160,"column":7}},"160":{"start":{"line":161,"column":0},"end":{"line":161,"column":23}},"161":{"start":{"line":162,"column":0},"end":{"line":162,"column":18}},"162":{"start":{"line":163,"column":0},"end":{"line":163,"column":45}},"163":{"start":{"line":164,"column":0},"end":{"line":164,"column":49}},"164":{"start":{"line":165,"column":0},"end":{"line":165,"column":10}},"165":{"start":{"line":166,"column":0},"end":{"line":166,"column":56}},"166":{"start":{"line":167,"column":0},"end":{"line":167,"column":7}},"167":{"start":{"line":168,"column":0},"end":{"line":168,"column":6}},"168":{"start":{"line":169,"column":0},"end":{"line":169,"column":0}},"169":{"start":{"line":170,"column":0},"end":{"line":170,"column":23}},"170":{"start":{"line":171,"column":0},"end":{"line":171,"column":40}},"171":{"start":{"line":172,"column":0},"end":{"line":172,"column":61}},"172":{"start":{"line":173,"column":0},"end":{"line":173,"column":5}},"173":{"start":{"line":174,"column":0},"end":{"line":174,"column":0}},"174":{"start":{"line":175,"column":0},"end":{"line":175,"column":29}},"175":{"start":{"line":176,"column":0},"end":{"line":176,"column":17}},"176":{"start":{"line":177,"column":0},"end":{"line":177,"column":77}},"177":{"start":{"line":178,"column":0},"end":{"line":178,"column":50}},"178":{"start":{"line":179,"column":0},"end":{"line":179,"column":30}},"179":{"start":{"line":180,"column":0},"end":{"line":180,"column":3}},"180":{"start":{"line":181,"column":0},"end":{"line":181,"column":1}}},"s":{"0":1,"1":1,"2":1,"3":3,"4":3,"5":3,"6":3,"7":3,"8":3,"9":3,"10":3,"11":3,"12":2,"13":2,"14":2,"15":2,"16":2,"17":2,"18":3,"19":3,"20":3,"21":3,"22":3,"23":3,"24":2,"25":3,"26":1,"27":1,"28":1,"29":1,"30":3,"31":3,"32":3,"33":3,"34":2,"35":2,"36":2,"37":2,"38":2,"39":2,"40":2,"41":2,"42":2,"43":2,"44":2,"45":3,"46":1,"47":1,"48":1,"49":1,"50":3,"51":3,"52":3,"53":3,"54":2,"55":2,"56":2,"57":2,"58":2,"59":2,"60":2,"61":3,"62":1,"63":1,"64":1,"65":1,"66":3,"67":3,"68":3,"69":3,"70":2,"71":2,"72":2,"73":2,"74":2,"75":2,"76":2,"77":2,"78":3,"79":1,"80":1,"81":1,"82":1,"83":12,"84":12,"85":12,"86":12,"87":12,"88":12,"89":12,"90":12,"91":12,"92":12,"93":12,"94":12,"95":12,"96":12,"97":11,"98":11,"99":11,"100":11,"101":11,"102":11,"103":11,"104":12,"105":10,"106":10,"107":1,"108":1,"109":2,"110":2,"111":2,"112":2,"113":2,"114":1,"115":1,"116":3,"117":3,"118":3,"119":3,"120":3,"121":3,"122":3,"123":3,"124":3,"125":3,"126":3,"127":3,"128":3,"129":3,"130":3,"131":3,"132":3,"133":3,"134":3,"135":2,"136":2,"137":1,"138":1,"139":6,"140":6,"141":6,"142":6,"143":6,"144":6,"145":6,"146":6,"147":5,"148":5,"149":5,"150":5,"151":5,"152":5,"153":5,"154":5,"155":6,"156":6,"157":6,"158":6,"159":6,"160":6,"161":6,"162":6,"163":6,"164":6,"165":6,"166":6,"167":6,"168":3,"169":6,"170":2,"171":2,"172":2,"173":1,"174":1,"175":6,"176":4,"177":4,"178":4,"179":4,"180":6},"branchMap":{"0":{"type":"branch","line":3,"loc":{"start":{"line":3,"column":7},"end":{"line":28,"column":1}},"locations":[{"start":{"line":3,"column":7},"end":{"line":28,"column":1}}]},"1":{"type":"branch","line":12,"loc":{"start":{"line":12,"column":13},"end":{"line":12,"column":48}},"locations":[{"start":{"line":12,"column":13},"end":{"line":12,"column":48}}]},"2":{"type":"branch","line":13,"loc":{"start":{"line":13,"column":-1},"end":{"line":19,"column":23}},"locations":[{"start":{"line":13,"column":-1},"end":{"line":19,"column":23}}]},"3":{"type":"branch","line":19,"loc":{"start":{"line":19,"column":19},"end":{"line":19,"column":27}},"locations":[{"start":{"line":19,"column":19},"end":{"line":19,"column":27}}]},"4":{"type":"branch","line":21,"loc":{"start":{"line":21,"column":23},"end":{"line":21,"column":29}},"locations":[{"start":{"line":21,"column":23},"end":{"line":21,"column":29}}]},"5":{"type":"branch","line":21,"loc":{"start":{"line":21,"column":31},"end":{"line":21,"column":39}},"locations":[{"start":{"line":21,"column":31},"end":{"line":21,"column":39}}]},"6":{"type":"branch","line":25,"loc":{"start":{"line":25,"column":-1},"end":{"line":26,"column":20}},"locations":[{"start":{"line":25,"column":-1},"end":{"line":26,"column":20}}]},"7":{"type":"branch","line":26,"loc":{"start":{"line":26,"column":13},"end":{"line":28,"column":1}},"locations":[{"start":{"line":26,"column":13},"end":{"line":28,"column":1}}]},"8":{"type":"branch","line":30,"loc":{"start":{"line":30,"column":7},"end":{"line":48,"column":1}},"locations":[{"start":{"line":30,"column":7},"end":{"line":48,"column":1}}]},"9":{"type":"branch","line":34,"loc":{"start":{"line":34,"column":13},"end":{"line":34,"column":48}},"locations":[{"start":{"line":34,"column":13},"end":{"line":34,"column":48}}]},"10":{"type":"branch","line":35,"loc":{"start":{"line":35,"column":-1},"end":{"line":46,"column":20}},"locations":[{"start":{"line":35,"column":-1},"end":{"line":46,"column":20}}]},"11":{"type":"branch","line":46,"loc":{"start":{"line":46,"column":13},"end":{"line":48,"column":1}},"locations":[{"start":{"line":46,"column":13},"end":{"line":48,"column":1}}]},"12":{"type":"branch","line":50,"loc":{"start":{"line":50,"column":7},"end":{"line":64,"column":1}},"locations":[{"start":{"line":50,"column":7},"end":{"line":64,"column":1}}]},"13":{"type":"branch","line":54,"loc":{"start":{"line":54,"column":13},"end":{"line":54,"column":48}},"locations":[{"start":{"line":54,"column":13},"end":{"line":54,"column":48}}]},"14":{"type":"branch","line":55,"loc":{"start":{"line":55,"column":-1},"end":{"line":62,"column":20}},"locations":[{"start":{"line":55,"column":-1},"end":{"line":62,"column":20}}]},"15":{"type":"branch","line":62,"loc":{"start":{"line":62,"column":13},"end":{"line":64,"column":1}},"locations":[{"start":{"line":62,"column":13},"end":{"line":64,"column":1}}]},"16":{"type":"branch","line":66,"loc":{"start":{"line":66,"column":7},"end":{"line":81,"column":1}},"locations":[{"start":{"line":66,"column":7},"end":{"line":81,"column":1}}]},"17":{"type":"branch","line":70,"loc":{"start":{"line":70,"column":13},"end":{"line":70,"column":48}},"locations":[{"start":{"line":70,"column":13},"end":{"line":70,"column":48}}]},"18":{"type":"branch","line":71,"loc":{"start":{"line":71,"column":-1},"end":{"line":79,"column":20}},"locations":[{"start":{"line":71,"column":-1},"end":{"line":79,"column":20}}]},"19":{"type":"branch","line":79,"loc":{"start":{"line":79,"column":13},"end":{"line":81,"column":1}},"locations":[{"start":{"line":79,"column":13},"end":{"line":81,"column":1}}]},"20":{"type":"branch","line":83,"loc":{"start":{"line":83,"column":7},"end":{"line":107,"column":1}},"locations":[{"start":{"line":83,"column":7},"end":{"line":107,"column":1}}]},"21":{"type":"branch","line":97,"loc":{"start":{"line":97,"column":13},"end":{"line":97,"column":48}},"locations":[{"start":{"line":97,"column":13},"end":{"line":97,"column":48}}]},"22":{"type":"branch","line":98,"loc":{"start":{"line":98,"column":-1},"end":{"line":105,"column":20}},"locations":[{"start":{"line":98,"column":-1},"end":{"line":105,"column":20}}]},"23":{"type":"branch","line":105,"loc":{"start":{"line":105,"column":13},"end":{"line":105,"column":45}},"locations":[{"start":{"line":105,"column":13},"end":{"line":105,"column":45}}]},"24":{"type":"branch","line":106,"loc":{"start":{"line":106,"column":-1},"end":{"line":107,"column":1}},"locations":[{"start":{"line":106,"column":-1},"end":{"line":107,"column":1}}]},"25":{"type":"branch","line":109,"loc":{"start":{"line":109,"column":7},"end":{"line":114,"column":1}},"locations":[{"start":{"line":109,"column":7},"end":{"line":114,"column":1}}]},"26":{"type":"branch","line":113,"loc":{"start":{"line":113,"column":13},"end":{"line":113,"column":24}},"locations":[{"start":{"line":113,"column":13},"end":{"line":113,"column":24}}]},"27":{"type":"branch","line":113,"loc":{"start":{"line":113,"column":24},"end":{"line":113,"column":32}},"locations":[{"start":{"line":113,"column":24},"end":{"line":113,"column":32}}]},"28":{"type":"branch","line":116,"loc":{"start":{"line":116,"column":7},"end":{"line":137,"column":1}},"locations":[{"start":{"line":116,"column":7},"end":{"line":137,"column":1}}]},"29":{"type":"branch","line":122,"loc":{"start":{"line":122,"column":67},"end":{"line":122,"column":74}},"locations":[{"start":{"line":122,"column":67},"end":{"line":122,"column":74}}]},"30":{"type":"branch","line":122,"loc":{"start":{"line":122,"column":75},"end":{"line":122,"column":82}},"locations":[{"start":{"line":122,"column":75},"end":{"line":122,"column":82}}]},"31":{"type":"branch","line":135,"loc":{"start":{"line":135,"column":13},"end":{"line":135,"column":45}},"locations":[{"start":{"line":135,"column":13},"end":{"line":135,"column":45}}]},"32":{"type":"branch","line":136,"loc":{"start":{"line":136,"column":-1},"end":{"line":137,"column":1}},"locations":[{"start":{"line":136,"column":-1},"end":{"line":137,"column":1}}]},"33":{"type":"branch","line":139,"loc":{"start":{"line":139,"column":7},"end":{"line":181,"column":1}},"locations":[{"start":{"line":139,"column":7},"end":{"line":181,"column":1}}]},"34":{"type":"branch","line":147,"loc":{"start":{"line":147,"column":13},"end":{"line":147,"column":48}},"locations":[{"start":{"line":147,"column":13},"end":{"line":147,"column":48}}]},"35":{"type":"branch","line":148,"loc":{"start":{"line":148,"column":-1},"end":{"line":156,"column":31}},"locations":[{"start":{"line":148,"column":-1},"end":{"line":156,"column":31}}]},"36":{"type":"branch","line":156,"loc":{"start":{"line":156,"column":31},"end":{"line":156,"column":45}},"locations":[{"start":{"line":156,"column":31},"end":{"line":156,"column":45}}]},"37":{"type":"branch","line":169,"loc":{"start":{"line":169,"column":-1},"end":{"line":170,"column":22}},"locations":[{"start":{"line":169,"column":-1},"end":{"line":170,"column":22}}]},"38":{"type":"branch","line":170,"loc":{"start":{"line":170,"column":22},"end":{"line":173,"column":5}},"locations":[{"start":{"line":170,"column":22},"end":{"line":173,"column":5}}]},"39":{"type":"branch","line":172,"loc":{"start":{"line":172,"column":25},"end":{"line":172,"column":59}},"locations":[{"start":{"line":172,"column":25},"end":{"line":172,"column":59}}]},"40":{"type":"branch","line":174,"loc":{"start":{"line":174,"column":-1},"end":{"line":176,"column":11}},"locations":[{"start":{"line":174,"column":-1},"end":{"line":176,"column":11}}]},"41":{"type":"branch","line":176,"loc":{"start":{"line":176,"column":4},"end":{"line":180,"column":3}},"locations":[{"start":{"line":176,"column":4},"end":{"line":180,"column":3}}]},"42":{"type":"branch","line":177,"loc":{"start":{"line":177,"column":41},"end":{"line":177,"column":54}},"locations":[{"start":{"line":177,"column":41},"end":{"line":177,"column":54}}]},"43":{"type":"branch","line":177,"loc":{"start":{"line":177,"column":55},"end":{"line":177,"column":76}},"locations":[{"start":{"line":177,"column":55},"end":{"line":177,"column":76}}]}},"b":{"0":[3],"1":[1],"2":[2],"3":[1],"4":[2],"5":[1],"6":[2],"7":[1],"8":[3],"9":[1],"10":[2],"11":[1],"12":[3],"13":[1],"14":[2],"15":[1],"16":[3],"17":[1],"18":[2],"19":[1],"20":[12],"21":[1],"22":[11],"23":[1],"24":[10],"25":[2],"26":[1],"27":[1],"28":[3],"29":[2],"30":[1],"31":[1],"32":[2],"33":[6],"34":[1],"35":[5],"36":[3],"37":[3],"38":[2],"39":[1],"40":[1],"41":[4],"42":[3],"43":[1]},"fnMap":{"0":{"name":"createPatient","decl":{"start":{"line":3,"column":7},"end":{"line":28,"column":1}},"loc":{"start":{"line":3,"column":7},"end":{"line":28,"column":1}},"line":3},"1":{"name":"createInforme","decl":{"start":{"line":30,"column":7},"end":{"line":48,"column":1}},"loc":{"start":{"line":30,"column":7},"end":{"line":48,"column":1}},"line":30},"2":{"name":"getInformes","decl":{"start":{"line":50,"column":7},"end":{"line":64,"column":1}},"loc":{"start":{"line":50,"column":7},"end":{"line":64,"column":1}},"line":50},"3":{"name":"getInforme","decl":{"start":{"line":66,"column":7},"end":{"line":81,"column":1}},"loc":{"start":{"line":66,"column":7},"end":{"line":81,"column":1}},"line":66},"4":{"name":"updateInformeStatus","decl":{"start":{"line":83,"column":7},"end":{"line":107,"column":1}},"loc":{"start":{"line":83,"column":7},"end":{"line":107,"column":1}},"line":83},"5":{"name":"getPdfSignedUrl","decl":{"start":{"line":109,"column":7},"end":{"line":114,"column":1}},"loc":{"start":{"line":109,"column":7},"end":{"line":114,"column":1}},"line":109},"6":{"name":"uploadAudio","decl":{"start":{"line":116,"column":7},"end":{"line":137,"column":1}},"loc":{"start":{"line":116,"column":7},"end":{"line":137,"column":1}},"line":116},"7":{"name":"processInformeWithAI","decl":{"start":{"line":139,"column":7},"end":{"line":181,"column":1}},"loc":{"start":{"line":139,"column":7},"end":{"line":181,"column":1}},"line":139}},"f":{"0":3,"1":3,"2":3,"3":3,"4":12,"5":2,"6":3,"7":6}}
}
