TN:
SF:app/(app)/index.tsx
FN:44,HomeScreen
FN:66,onRefresh
FN:75,formatDate
FN:145,onPress
FN:165,onPress
FN:185,onPress
FNF:6
FNH:6
FNDA:27,HomeScreen
FNDA:1,onRefresh
FNDA:7,formatDate
FNDA:1,onPress
FNDA:1,onPress
FNDA:2,onPress
DA:1,1
DA:2,1
DA:3,1
DA:4,1
DA:5,1
DA:6,1
DA:7,1
DA:8,1
DA:9,1
DA:10,1
DA:11,1
DA:12,1
DA:13,1
DA:14,1
DA:15,1
DA:16,1
DA:17,1
DA:18,1
DA:19,1
DA:20,1
DA:21,1
DA:22,1
DA:23,1
DA:24,1
DA:25,1
DA:26,1
DA:27,1
DA:28,1
DA:29,1
DA:30,1
DA:31,1
DA:32,1
DA:33,1
DA:34,1
DA:35,1
DA:36,1
DA:37,1
DA:38,1
DA:39,1
DA:40,1
DA:41,1
DA:42,1
DA:43,1
DA:44,1
DA:45,27
DA:46,27
DA:47,27
DA:48,27
DA:49,27
DA:50,27
DA:51,14
DA:52,14
DA:53,13
DA:54,13
DA:55,14
DA:56,14
DA:57,27
DA:58,27
DA:59,27
DA:60,27
DA:61,13
DA:62,13
DA:63,27
DA:64,27
DA:65,27
DA:66,27
DA:67,1
DA:68,1
DA:69,27
DA:70,27
DA:71,27
DA:72,27
DA:73,27
DA:74,27
DA:75,27
DA:76,7
DA:77,7
DA:78,7
DA:79,7
DA:80,7
DA:81,7
DA:82,7
DA:83,27
DA:84,27
DA:85,27
DA:86,27
DA:87,27
DA:88,27
DA:89,27
DA:90,27
DA:91,27
DA:92,27
DA:93,27
DA:94,27
DA:95,27
DA:96,27
DA:97,27
DA:98,27
DA:99,27
DA:100,27
DA:101,27
DA:102,27
DA:103,27
DA:104,27
DA:105,27
DA:106,27
DA:107,27
DA:108,27
DA:109,27
DA:110,27
DA:111,27
DA:112,27
DA:113,27
DA:114,27
DA:115,27
DA:116,27
DA:117,27
DA:118,27
DA:119,27
DA:120,27
DA:121,27
DA:122,27
DA:123,27
DA:124,27
DA:125,27
DA:126,27
DA:127,27
DA:128,27
DA:129,27
DA:130,27
DA:131,27
DA:132,27
DA:133,27
DA:134,27
DA:135,27
DA:136,27
DA:137,27
DA:138,27
DA:139,27
DA:140,27
DA:141,27
DA:142,27
DA:143,27
DA:144,27
DA:145,27
DA:146,27
DA:147,27
DA:148,27
DA:149,27
DA:150,27
DA:151,27
DA:152,27
DA:153,13
DA:154,13
DA:155,13
DA:156,14
DA:157,9
DA:158,9
DA:159,9
DA:160,9
DA:161,9
DA:162,9
DA:163,9
DA:164,9
DA:165,9
DA:166,9
DA:167,9
DA:168,9
DA:169,9
DA:170,5
DA:171,5
DA:172,5
DA:173,7
DA:174,7
DA:175,7
DA:176,7
DA:177,7
DA:178,1
DA:179,7
DA:180,7
DA:181,7
DA:182,7
DA:183,7
DA:184,7
DA:185,7
DA:186,7
DA:187,7
DA:188,7
DA:189,7
DA:190,7
DA:191,7
DA:192,7
DA:193,7
DA:194,7
DA:195,7
DA:196,7
DA:197,7
DA:198,7
DA:199,7
DA:200,7
DA:201,7
DA:202,7
DA:203,7
DA:204,7
DA:205,7
DA:206,7
DA:207,7
DA:208,7
DA:209,7
DA:210,7
DA:211,6
DA:212,6
DA:213,6
DA:214,7
DA:215,7
DA:216,7
DA:217,7
DA:218,7
DA:219,7
DA:220,7
DA:221,7
DA:222,7
DA:223,5
DA:224,5
DA:225,27
DA:226,27
DA:227,27
DA:228,27
DA:229,27
DA:230,1
DA:231,1
DA:232,1
DA:233,1
DA:234,1
DA:235,1
DA:236,1
DA:237,1
DA:238,1
DA:239,1
DA:240,1
DA:241,1
DA:242,1
DA:243,1
DA:244,1
DA:245,1
DA:246,1
DA:247,1
DA:248,1
DA:249,1
DA:250,1
DA:251,1
DA:252,1
DA:253,1
DA:254,1
DA:255,1
DA:256,1
DA:257,1
DA:258,1
DA:259,1
DA:260,1
DA:261,1
DA:262,1
DA:263,1
DA:264,1
DA:265,1
DA:266,1
DA:267,1
DA:268,1
DA:269,1
DA:270,1
DA:271,1
DA:272,1
DA:273,1
DA:274,1
DA:275,1
DA:276,1
DA:277,1
DA:278,1
DA:279,1
DA:280,1
DA:281,1
DA:282,1
DA:283,1
DA:284,1
DA:285,1
DA:286,1
DA:287,1
DA:288,1
DA:289,1
DA:290,1
DA:291,1
DA:292,1
DA:293,1
DA:294,1
DA:295,1
DA:296,1
DA:297,1
DA:298,1
DA:299,1
DA:300,1
DA:301,1
DA:302,1
DA:303,1
DA:304,1
DA:305,1
DA:306,1
DA:307,1
DA:308,1
DA:309,1
DA:310,1
DA:311,1
DA:312,1
DA:313,1
DA:314,1
DA:315,1
DA:316,1
DA:317,1
DA:318,1
DA:319,1
DA:320,1
DA:321,1
DA:322,1
DA:323,1
DA:324,1
DA:325,1
DA:326,1
DA:327,1
DA:328,1
DA:329,1
DA:330,1
DA:331,1
DA:332,1
DA:333,1
DA:334,1
DA:335,1
DA:336,1
DA:337,1
DA:338,1
DA:339,1
DA:340,1
DA:341,1
DA:342,1
DA:343,1
DA:344,1
DA:345,1
DA:346,1
DA:347,1
DA:348,1
DA:349,1
DA:350,1
DA:351,1
DA:352,1
DA:353,1
DA:354,1
DA:355,1
DA:356,1
DA:357,1
DA:358,1
DA:359,1
DA:360,1
DA:361,1
DA:362,1
DA:363,1
DA:364,1
DA:365,1
DA:366,1
DA:367,1
DA:368,1
DA:369,1
DA:370,1
DA:371,1
DA:372,1
DA:373,1
DA:374,1
DA:375,1
DA:376,1
DA:377,1
DA:378,1
DA:379,1
DA:380,1
DA:381,1
DA:382,1
DA:383,1
DA:384,1
DA:385,1
DA:386,1
DA:387,1
DA:388,1
DA:389,1
DA:390,1
DA:391,1
DA:392,1
DA:393,1
DA:394,1
DA:395,1
DA:396,1
DA:397,1
DA:398,1
DA:399,1
DA:400,1
DA:401,1
DA:402,1
DA:403,1
DA:404,1
DA:405,1
DA:406,1
DA:407,1
DA:408,1
DA:409,1
DA:410,1
DA:411,1
DA:412,1
DA:413,1
DA:414,1
DA:415,1
DA:416,1
DA:417,1
DA:418,1
DA:419,1
DA:420,1
DA:421,1
DA:422,1
DA:423,1
DA:424,1
DA:425,1
DA:426,1
DA:427,1
DA:428,1
DA:429,1
DA:430,1
DA:431,1
DA:432,1
DA:433,1
DA:434,1
LF:434
LH:434
BRDA:44,0,0,27
BRDA:94,1,0,0
BRDA:129,2,0,2
BRDA:129,3,0,25
BRDA:133,4,0,2
BRDA:133,5,0,25
BRDA:136,6,0,2
BRDA:136,7,0,25
BRDA:152,8,0,13
BRDA:156,9,0,14
BRDA:156,10,0,9
BRDA:170,11,0,5
BRDA:50,12,0,14
BRDA:52,13,0,13
BRDA:60,14,0,13
BRDA:66,15,0,1
BRDA:71,16,0,7
BRDA:72,17,0,7
BRDA:73,18,0,7
BRDA:75,19,0,7
BRDA:145,20,0,1
BRDA:165,21,0,1
BRDA:172,22,0,7
BRDA:174,23,0,0
BRDA:178,24,0,1
BRDA:179,25,0,6
BRDA:190,26,0,6
BRDA:190,27,0,6
BRDA:190,28,0,1
BRDA:190,29,0,6
BRDA:190,30,0,6
BRDA:190,31,0,1
BRDA:196,32,0,1
BRDA:196,33,0,6
BRDA:196,34,0,6
BRDA:196,35,0,1
BRDA:210,36,0,1
BRDA:210,37,0,6
BRDA:210,38,0,6
BRDA:185,39,0,2
BRF:40
BRH:38
end_of_record
TN:
SF:app/(app)/nuevo-informe.tsx
FN:18,NuevoInformeScreen
FN:70,onPress
FN:125,onPress
FNF:3
FNH:3
FNDA:25,NuevoInformeScreen
FNDA:1,onPress
FNDA:1,onPress
DA:1,1
DA:2,1
DA:3,1
DA:4,1
DA:5,1
DA:6,1
DA:7,1
DA:8,1
DA:9,1
DA:10,1
DA:11,1
DA:12,1
DA:13,1
DA:14,1
DA:15,1
DA:16,1
DA:17,1
DA:18,1
DA:19,25
DA:20,25
DA:21,25
DA:22,25
DA:23,25
DA:24,25
DA:25,25
DA:26,25
DA:27,6
DA:28,6
DA:29,6
DA:30,1
DA:31,1
DA:32,1
DA:33,6
DA:34,1
DA:35,1
DA:36,1
DA:37,4
DA:38,4
DA:39,4
DA:40,4
DA:41,4
DA:42,6
DA:43,6
DA:44,6
DA:45,6
DA:46,4
DA:47,6
DA:48,2
DA:49,2
DA:50,2
DA:51,2
DA:52,2
DA:53,2
DA:54,6
DA:55,1
DA:56,1
DA:57,1
DA:58,1
DA:59,1
DA:60,1
DA:61,1
DA:62,25
DA:63,25
DA:64,25
DA:65,25
DA:66,25
DA:67,25
DA:68,25
DA:69,25
DA:70,25
DA:71,25
DA:72,25
DA:73,25
DA:74,25
DA:75,25
DA:76,25
DA:77,25
DA:78,25
DA:79,25
DA:80,25
DA:81,25
DA:82,25
DA:83,25
DA:84,25
DA:85,25
DA:86,25
DA:87,25
DA:88,25
DA:89,25
DA:90,25
DA:91,25
DA:92,25
DA:93,25
DA:94,25
DA:95,25
DA:96,25
DA:97,25
DA:98,25
DA:99,25
DA:100,25
DA:101,25
DA:102,25
DA:103,25
DA:104,25
DA:105,25
DA:106,25
DA:107,25
DA:108,25
DA:109,25
DA:110,25
DA:111,25
DA:112,25
DA:113,25
DA:114,25
DA:115,25
DA:116,25
DA:117,25
DA:118,25
DA:119,25
DA:120,25
DA:121,25
DA:122,25
DA:123,25
DA:124,25
DA:125,25
DA:126,25
DA:127,25
DA:128,25
DA:129,25
DA:130,25
DA:131,25
DA:132,25
DA:133,25
DA:134,25
DA:135,25
DA:136,25
DA:137,25
DA:138,25
DA:139,25
DA:140,25
DA:141,25
DA:142,25
DA:143,25
DA:144,1
DA:145,1
DA:146,1
DA:147,1
DA:148,1
DA:149,1
DA:150,1
DA:151,1
DA:152,1
DA:153,1
DA:154,1
DA:155,1
DA:156,1
DA:157,1
DA:158,1
DA:159,1
DA:160,1
DA:161,1
DA:162,1
DA:163,1
DA:164,1
DA:165,1
DA:166,1
DA:167,1
DA:168,1
DA:169,1
DA:170,1
DA:171,1
DA:172,1
DA:173,1
DA:174,1
DA:175,1
DA:176,1
DA:177,1
DA:178,1
DA:179,1
DA:180,1
DA:181,1
DA:182,1
DA:183,1
DA:184,1
DA:185,1
DA:186,1
DA:187,1
DA:188,1
DA:189,1
DA:190,1
DA:191,1
DA:192,1
DA:193,1
DA:194,1
DA:195,1
DA:196,1
DA:197,1
DA:198,1
LF:198
LH:198
BRDA:18,0,0,25
BRDA:67,1,0,0
BRDA:120,2,0,5
BRDA:26,3,0,25
BRDA:26,4,0,6
BRDA:29,5,0,1
BRDA:32,6,0,5
BRDA:33,7,0,1
BRDA:36,8,0,4
BRDA:44,9,0,4
BRDA:45,10,0,4
BRDA:47,11,0,3
BRDA:47,12,0,2
BRDA:48,13,0,1
BRDA:48,14,0,1
BRDA:54,15,0,1
BRDA:54,16,0,1
BRDA:55,17,0,0
BRDA:70,18,0,1
BRDA:125,19,0,1
BRF:20
BRH:18
end_of_record
TN:
SF:app/(app)/grabar/[id].tsx
FN:35,GrabarScreen
FN:98,formatDuration
FN:217,confirmStop
FN:228,resetRecorder
FN:241,getCircleStyle
FN:250,getIcon
FN:259,getDobFormatted
FN:273,onPress
FNF:8
FNH:8
FNDA:79,GrabarScreen
FNDA:17,formatDuration
FNDA:5,confirmStop
FNDA:1,resetRecorder
FNDA:79,getCircleStyle
FNDA:79,getIcon
FNDA:116,getDobFormatted
FNDA:1,onPress
DA:1,1
DA:2,1
DA:3,1
DA:4,1
DA:5,1
DA:6,1
DA:7,1
DA:8,1
DA:9,1
DA:10,1
DA:11,1
DA:12,1
DA:13,1
DA:14,1
DA:15,1
DA:16,1
DA:17,1
DA:18,1
DA:19,1
DA:20,1
DA:21,1
DA:22,1
DA:23,1
DA:24,1
DA:25,1
DA:26,1
DA:27,1
DA:28,1
DA:29,1
DA:30,1
DA:31,1
DA:32,1
DA:33,1
DA:34,1
DA:35,1
DA:36,79
DA:37,79
DA:38,79
DA:39,79
DA:40,79
DA:41,79
DA:42,79
DA:43,79
DA:44,79
DA:45,79
DA:46,79
DA:47,79
DA:48,79
DA:49,79
DA:50,79
DA:51,79
DA:52,20
DA:53,20
DA:54,20
DA:55,19
DA:56,19
DA:57,19
DA:58,1
DA:59,1
DA:60,19
DA:61,20
DA:62,20
DA:63,79
DA:64,79
DA:65,79
DA:66,58
DA:67,1
DA:68,1
DA:69,1
DA:70,58
DA:71,58
DA:72,79
DA:73,79
DA:74,79
DA:75,20
DA:76,20
DA:77,20
DA:78,4
DA:79,4
DA:80,20
DA:81,79
DA:82,79
DA:83,79
DA:84,37
DA:85,10
DA:86,10
DA:87,10
DA:88,79
DA:89,79
DA:90,79
DA:91,10
DA:92,10
DA:93,3
DA:94,3
DA:95,10
DA:96,79
DA:97,79
DA:98,79
DA:99,17
DA:100,17
DA:101,17
DA:102,79
DA:103,79
DA:104,79
DA:105,13
DA:106,13
DA:107,13
DA:108,13
DA:109,13
DA:110,13
DA:111,2
DA:112,2
DA:113,2
DA:114,2
DA:115,10
DA:116,10
DA:117,10
DA:118,10
DA:119,10
DA:120,10
DA:121,10
DA:122,10
DA:123,13
DA:124,9
DA:125,9
DA:126,9
DA:127,9
DA:128,9
DA:129,9
DA:130,13
DA:131,1
DA:132,1
DA:133,1
DA:134,1
DA:135,79
DA:136,79
DA:137,79
DA:138,1
DA:139,1
DA:140,1
DA:141,1
DA:142,1
DA:143,79
DA:144,79
DA:145,79
DA:146,1
DA:147,1
DA:148,1
DA:149,1
DA:150,1
DA:151,79
DA:152,79
DA:153,79
DA:154,6
DA:155,6
DA:156,6
DA:157,6
DA:158,6
DA:159,6
DA:160,6
DA:161,6
DA:162,6
DA:163,6
DA:164,5
DA:165,6
DA:166,6
DA:167,6
DA:168,1
DA:169,1
DA:170,5
DA:171,5
DA:172,5
DA:173,5
DA:174,5
DA:175,5
DA:176,5
DA:177,5
DA:178,6
DA:179,4
DA:180,4
DA:181,4
DA:182,4
DA:183,4
DA:184,5
DA:185,5
DA:186,5
DA:187,5
DA:188,5
DA:189,5
DA:190,5
DA:191,5
DA:192,5
DA:193,5
DA:194,5
DA:195,5
DA:196,5
DA:197,5
DA:198,5
DA:199,5
DA:200,6
DA:201,1
DA:202,1
DA:203,6
DA:204,4
DA:205,4
DA:206,1
DA:207,4
DA:208,4
DA:209,6
DA:210,1
DA:211,1
DA:212,1
DA:213,1
DA:214,1
DA:215,79
DA:216,79
DA:217,79
DA:218,5
DA:219,5
DA:220,5
DA:221,5
DA:222,5
DA:223,5
DA:224,5
DA:225,5
DA:226,79
DA:227,79
DA:228,79
DA:229,1
DA:230,1
DA:231,1
DA:232,1
DA:233,1
DA:234,1
DA:235,79
DA:236,79
DA:237,79
DA:238,79
DA:239,79
DA:240,79
DA:241,79
DA:242,79
DA:243,79
DA:244,79
DA:245,79
DA:246,79
DA:247,52
DA:248,79
DA:249,79
DA:250,79
DA:251,79
DA:252,79
DA:253,79
DA:254,79
DA:255,79
DA:256,52
DA:257,79
DA:258,79
DA:259,79
DA:260,116
DA:261,116
DA:262,116
DA:263,116
DA:264,116
DA:265,116
DA:266,116
DA:267,79
DA:268,79
DA:269,79
DA:270,79
DA:271,79
DA:272,79
DA:273,79
DA:274,79
DA:275,79
DA:276,79
DA:277,79
DA:278,79
DA:279,79
DA:280,79
DA:281,79
DA:282,79
DA:283,79
DA:284,79
DA:285,79
DA:286,79
DA:287,79
DA:288,79
DA:289,79
DA:290,79
DA:291,79
DA:292,58
DA:293,58
DA:294,58
DA:295,58
DA:296,58
DA:297,58
DA:298,58
DA:299,58
DA:300,58
DA:301,58
DA:302,58
DA:303,58
DA:304,58
DA:305,58
DA:306,79
DA:307,79
DA:308,79
DA:309,79
DA:310,79
DA:311,79
DA:312,79
DA:313,79
DA:314,79
DA:315,79
DA:316,41
DA:317,41
DA:318,41
DA:319,41
DA:320,41
DA:321,41
DA:322,79
DA:323,79
DA:324,11
DA:325,79
DA:326,79
DA:327,11
DA:328,11
DA:329,11
DA:330,11
DA:331,11
DA:332,11
DA:333,79
DA:334,79
DA:335,1
DA:336,1
DA:337,1
DA:338,1
DA:339,1
DA:340,1
DA:341,79
DA:342,79
DA:343,5
DA:344,79
DA:345,79
DA:346,1
DA:347,79
DA:348,79
DA:349,0
DA:350,79
DA:351,79
DA:352,4
DA:353,4
DA:354,4
DA:355,4
DA:356,4
DA:357,4
DA:358,79
DA:359,79
DA:360,5
DA:361,5
DA:362,5
DA:363,5
DA:364,5
DA:365,5
DA:366,5
DA:367,5
DA:368,5
DA:369,5
DA:370,79
DA:371,79
DA:372,79
DA:373,79
DA:374,6
DA:375,6
DA:376,6
DA:377,6
DA:378,6
DA:379,6
DA:380,79
DA:381,79
DA:382,79
DA:383,79
DA:384,41
DA:385,41
DA:386,41
DA:387,79
DA:388,79
DA:389,79
DA:390,11
DA:391,11
DA:392,11
DA:393,79
DA:394,79
DA:395,79
DA:396,11
DA:397,11
DA:398,11
DA:399,11
DA:400,11
DA:401,11
DA:402,11
DA:403,11
DA:404,11
DA:405,11
DA:406,11
DA:407,11
DA:408,11
DA:409,11
DA:410,79
DA:411,79
DA:412,79
DA:413,1
DA:414,1
DA:415,1
DA:416,1
DA:417,1
DA:418,1
DA:419,1
DA:420,1
DA:421,1
DA:422,1
DA:423,1
DA:424,1
DA:425,1
DA:426,1
DA:427,79
DA:428,79
DA:429,79
DA:430,5
DA:431,5
DA:432,5
DA:433,79
DA:434,79
DA:435,79
DA:436,79
DA:437,79
DA:438,79
DA:439,79
DA:440,79
DA:441,79
DA:442,79
DA:443,79
DA:444,79
DA:445,79
DA:446,316
DA:447,316
DA:448,316
DA:449,316
DA:450,316
DA:451,316
DA:452,79
DA:453,79
DA:454,79
DA:455,79
DA:456,79
DA:457,79
DA:458,79
DA:459,1
DA:460,1
DA:461,1
DA:462,1
DA:463,1
DA:464,1
DA:465,1
DA:466,1
DA:467,1
DA:468,1
DA:469,1
DA:470,1
DA:471,1
DA:472,1
DA:473,1
DA:474,1
DA:475,1
DA:476,1
DA:477,1
DA:478,1
DA:479,1
DA:480,1
DA:481,1
DA:482,1
DA:483,1
DA:484,1
DA:485,1
DA:486,1
DA:487,1
DA:488,1
DA:489,1
DA:490,1
DA:491,1
DA:492,1
DA:493,1
DA:494,1
DA:495,1
DA:496,1
DA:497,1
DA:498,1
DA:499,1
DA:500,1
DA:501,1
DA:502,1
DA:503,1
DA:504,1
DA:505,1
DA:506,1
DA:507,1
DA:508,1
DA:509,1
DA:510,1
DA:511,1
DA:512,1
DA:513,1
DA:514,1
DA:515,1
DA:516,1
DA:517,1
DA:518,1
DA:519,1
DA:520,1
DA:521,1
DA:522,1
DA:523,1
DA:524,1
DA:525,1
DA:526,1
DA:527,1
DA:528,1
DA:529,1
DA:530,1
DA:531,1
DA:532,1
DA:533,1
DA:534,1
DA:535,1
DA:536,1
DA:537,1
DA:538,1
DA:539,1
DA:540,1
DA:541,1
DA:542,1
DA:543,1
DA:544,1
DA:545,1
DA:546,1
DA:547,1
DA:548,1
DA:549,1
DA:550,1
DA:551,1
DA:552,1
DA:553,1
DA:554,1
DA:555,1
DA:556,1
DA:557,1
DA:558,1
DA:559,1
DA:560,1
DA:561,1
DA:562,1
DA:563,1
DA:564,1
DA:565,1
DA:566,1
DA:567,1
DA:568,1
DA:569,1
DA:570,1
DA:571,1
DA:572,1
DA:573,1
DA:574,1
DA:575,1
DA:576,1
DA:577,1
DA:578,1
DA:579,1
DA:580,1
DA:581,1
DA:582,1
DA:583,1
DA:584,1
DA:585,1
DA:586,1
DA:587,1
DA:588,1
DA:589,1
DA:590,1
DA:591,1
DA:592,1
DA:593,1
DA:594,1
DA:595,1
DA:596,1
DA:597,1
DA:598,1
DA:599,1
DA:600,1
DA:601,1
DA:602,1
DA:603,1
DA:604,1
DA:605,1
DA:606,1
DA:607,1
DA:608,1
DA:609,1
DA:610,1
DA:611,1
DA:612,1
DA:613,1
DA:614,1
DA:615,1
DA:616,1
DA:617,1
DA:618,1
DA:619,1
DA:620,1
DA:621,1
DA:622,1
DA:623,1
DA:624,1
DA:625,1
DA:626,1
DA:627,1
DA:628,1
DA:629,1
DA:630,1
DA:631,1
DA:632,1
DA:633,1
DA:634,1
DA:635,1
DA:636,1
DA:637,1
DA:638,1
DA:639,1
DA:640,1
DA:641,1
DA:642,1
DA:643,1
DA:644,1
DA:645,1
DA:646,1
DA:647,1
DA:648,1
DA:649,1
DA:650,1
DA:651,1
DA:652,1
DA:653,1
DA:654,1
DA:655,1
DA:656,1
DA:657,1
DA:658,1
DA:659,1
DA:660,1
DA:661,1
DA:662,1
DA:663,1
DA:664,1
DA:665,1
DA:666,1
DA:667,1
DA:668,1
DA:669,1
DA:670,1
DA:671,1
DA:672,1
DA:673,1
DA:674,1
DA:675,1
DA:676,1
DA:677,1
DA:678,1
DA:679,1
DA:680,1
DA:681,1
DA:682,1
DA:683,1
DA:684,1
DA:685,1
DA:686,1
DA:687,1
DA:688,1
DA:689,1
DA:690,1
DA:691,1
DA:692,1
DA:693,1
DA:694,1
DA:695,1
DA:696,1
DA:697,1
LF:697
LH:696
BRDA:35,0,0,79
BRDA:275,1,0,73
BRDA:275,2,0,62
BRDA:280,3,0,73
BRDA:280,4,0,62
BRDA:280,5,0,18
BRDA:291,6,0,58
BRDA:291,7,0,58
BRDA:295,8,0,0
BRDA:311,9,0,11
BRDA:315,10,0,41
BRDA:323,11,0,11
BRDA:326,12,0,11
BRDA:334,13,0,1
BRDA:342,14,0,5
BRDA:345,15,0,1
BRDA:348,16,0,0
BRDA:351,17,0,4
BRDA:359,18,0,5
BRDA:373,19,0,6
BRDA:383,20,0,41
BRDA:389,21,0,11
BRDA:395,22,0,11
BRDA:412,23,0,1
BRDA:429,24,0,5
BRDA:51,25,0,20
BRDA:52,26,0,0
BRDA:53,27,0,20
BRDA:54,28,0,19
BRDA:56,29,0,0
BRDA:57,30,0,1
BRDA:65,31,0,58
BRDA:66,32,0,1
BRDA:71,33,0,58
BRDA:74,34,0,20
BRDA:75,35,0,20
BRDA:77,36,0,4
BRDA:78,37,0,1
BRDA:83,38,0,37
BRDA:84,39,0,10
BRDA:90,40,0,10
BRDA:92,41,0,3
BRDA:98,42,0,17
BRDA:104,43,0,79
BRDA:104,44,0,13
BRDA:109,45,0,12
BRDA:110,46,0,2
BRDA:114,47,0,10
BRDA:123,48,0,9
BRDA:130,49,0,1
BRDA:131,50,0,0
BRDA:137,51,0,79
BRDA:137,52,0,1
BRDA:145,53,0,79
BRDA:145,54,0,1
BRDA:153,55,0,79
BRDA:153,56,0,6
BRDA:154,57,0,0
BRDA:163,58,0,5
BRDA:165,59,0,4
BRDA:165,60,0,1
BRDA:166,61,0,5
BRDA:167,62,0,1
BRDA:169,63,0,5
BRDA:178,64,0,4
BRDA:183,65,0,5
BRDA:200,66,0,1
BRDA:203,67,0,4
BRDA:209,68,0,1
BRDA:210,69,0,0
BRDA:205,70,0,1
BRDA:217,71,0,5
BRDA:228,72,0,1
BRDA:241,73,0,79
BRDA:242,74,0,11
BRDA:242,75,0,68
BRDA:243,76,0,1
BRDA:243,77,0,67
BRDA:244,78,0,4
BRDA:244,79,0,63
BRDA:245,80,0,5
BRDA:245,81,0,58
BRDA:246,82,0,6
BRDA:246,83,0,52
BRDA:250,84,0,79
BRDA:251,85,0,4
BRDA:251,86,0,75
BRDA:252,87,0,5
BRDA:252,88,0,70
BRDA:253,89,0,6
BRDA:253,90,0,64
BRDA:254,91,0,11
BRDA:254,92,0,53
BRDA:255,93,0,1
BRDA:255,94,0,52
BRDA:259,95,0,116
BRDA:260,96,0,0
BRDA:265,97,0,0
BRDA:273,98,0,1
BRDA:445,99,0,316
BRF:100
BRH:91
end_of_record
TN:
SF:app/(app)/informe/[id].tsx
FN:24,InformeDetailScreen
FN:58,getPatientAge
FN:68,formatDate
FN:77,handleWhatsApp
FN:87,handleOpenPdf
FN:104,onPress
FN:125,onPress
FN:241,onPress
FNF:8
FNH:8
FNDA:48,InformeDetailScreen
FNDA:21,getPatientAge
FNDA:21,formatDate
FNDA:2,handleWhatsApp
FNDA:2,handleOpenPdf
FNDA:1,onPress
FNDA:1,onPress
FNDA:2,onPress
DA:1,1
DA:2,1
DA:3,1
DA:4,1
DA:5,1
DA:6,1
DA:7,1
DA:8,1
DA:9,1
DA:10,1
DA:11,1
DA:12,1
DA:13,1
DA:14,1
DA:15,1
DA:16,1
DA:17,1
DA:18,1
DA:19,1
DA:20,1
DA:21,1
DA:22,1
DA:23,1
DA:24,1
DA:25,48
DA:26,48
DA:27,48
DA:28,48
DA:29,48
DA:30,48
DA:31,48
DA:32,24
DA:33,24
DA:34,24
DA:35,20
DA:36,20
DA:37,20
DA:38,20
DA:39,1
DA:40,1
DA:41,1
DA:42,19
DA:43,20
DA:44,14
DA:45,14
DA:46,14
DA:47,20
DA:48,21
DA:49,48
DA:50,48
DA:51,48
DA:52,48
DA:53,24
DA:54,24
DA:55,48
DA:56,48
DA:57,48
DA:58,48
DA:59,21
DA:60,19
DA:61,19
DA:62,19
DA:63,19
DA:64,21
DA:65,19
DA:66,48
DA:67,48
DA:68,48
DA:69,21
DA:70,21
DA:71,21
DA:72,21
DA:73,21
DA:74,21
DA:75,21
DA:76,48
DA:77,48
DA:78,2
DA:79,2
DA:80,2
DA:81,2
DA:82,2
DA:83,2
DA:84,2
DA:85,48
DA:86,48
DA:87,48
DA:88,2
DA:89,2
DA:90,48
DA:91,48
DA:92,48
DA:93,25
DA:94,25
DA:95,25
DA:96,25
DA:97,25
DA:98,25
DA:99,23
DA:100,48
DA:101,2
DA:102,2
DA:103,2
DA:104,2
DA:105,2
DA:106,2
DA:107,2
DA:108,2
DA:109,2
DA:110,21
DA:111,48
DA:112,48
DA:113,48
DA:114,19
DA:115,19
DA:116,19
DA:117,19
DA:118,19
DA:119,48
DA:120,48
DA:121,48
DA:122,48
DA:123,48
DA:124,48
DA:125,48
DA:126,48
DA:127,48
DA:128,48
DA:129,48
DA:130,48
DA:131,48
DA:132,48
DA:133,48
DA:134,48
DA:135,48
DA:136,48
DA:137,48
DA:138,48
DA:139,48
DA:140,48
DA:141,48
DA:142,48
DA:143,48
DA:144,48
DA:145,19
DA:146,19
DA:147,16
DA:148,16
DA:149,16
DA:150,19
DA:151,19
DA:152,16
DA:153,16
DA:154,16
DA:155,19
DA:156,19
DA:157,48
DA:158,48
DA:159,48
DA:160,48
DA:161,48
DA:162,48
DA:163,48
DA:164,48
DA:165,48
DA:166,48
DA:167,48
DA:168,48
DA:169,19
DA:170,48
DA:171,48
DA:172,19
DA:173,19
DA:174,19
DA:175,48
DA:176,48
DA:177,20
DA:178,48
DA:179,48
DA:180,48
DA:181,48
DA:182,48
DA:183,48
DA:184,1
DA:185,1
DA:186,1
DA:187,1
DA:188,1
DA:189,1
DA:190,1
DA:191,48
DA:192,48
DA:193,48
DA:194,1
DA:195,1
DA:196,1
DA:197,1
DA:198,1
DA:199,1
DA:200,1
DA:201,48
DA:202,48
DA:203,48
DA:204,19
DA:205,19
DA:206,19
DA:207,19
DA:208,19
DA:209,19
DA:210,19
DA:211,19
DA:212,19
DA:213,19
DA:214,19
DA:215,19
DA:216,19
DA:217,19
DA:218,19
DA:219,19
DA:220,19
DA:221,19
DA:222,19
DA:223,19
DA:224,19
DA:225,19
DA:226,19
DA:227,19
DA:228,19
DA:229,19
DA:230,19
DA:231,19
DA:232,19
DA:233,19
DA:234,19
DA:235,48
DA:236,48
DA:237,48
DA:238,21
DA:239,21
DA:240,21
DA:241,21
DA:242,21
DA:243,21
DA:244,21
DA:245,21
DA:246,21
DA:247,1
DA:248,1
DA:249,1
DA:250,21
DA:251,21
DA:252,48
DA:253,48
DA:254,48
DA:255,48
DA:256,48
DA:257,1
DA:258,1
DA:259,1
DA:260,1
DA:261,1
DA:262,1
DA:263,1
DA:264,1
DA:265,1
DA:266,1
DA:267,1
DA:268,1
DA:269,1
DA:270,1
DA:271,1
DA:272,1
DA:273,1
DA:274,1
DA:275,1
DA:276,1
DA:277,1
DA:278,1
DA:279,1
DA:280,1
DA:281,1
DA:282,1
DA:283,1
DA:284,1
DA:285,1
DA:286,1
DA:287,1
DA:288,1
DA:289,1
DA:290,1
DA:291,1
DA:292,1
DA:293,1
DA:294,1
DA:295,1
DA:296,1
DA:297,1
DA:298,1
DA:299,1
DA:300,1
DA:301,1
DA:302,1
DA:303,1
DA:304,1
DA:305,1
DA:306,1
DA:307,1
DA:308,1
DA:309,1
DA:310,1
DA:311,1
DA:312,1
DA:313,1
DA:314,1
DA:315,1
DA:316,1
DA:317,1
DA:318,1
DA:319,1
DA:320,1
DA:321,1
DA:322,1
DA:323,1
DA:324,1
DA:325,1
DA:326,1
DA:327,1
DA:328,1
DA:329,1
DA:330,1
DA:331,1
DA:332,1
DA:333,1
DA:334,1
DA:335,1
DA:336,1
DA:337,1
DA:338,1
DA:339,1
DA:340,1
DA:341,1
DA:342,1
DA:343,1
DA:344,1
DA:345,1
DA:346,1
DA:347,1
DA:348,1
DA:349,1
DA:350,1
DA:351,1
DA:352,1
DA:353,1
DA:354,1
DA:355,1
DA:356,1
DA:357,1
DA:358,1
DA:359,1
DA:360,1
DA:361,1
DA:362,1
DA:363,1
DA:364,1
DA:365,1
DA:366,1
DA:367,1
DA:368,1
DA:369,1
DA:370,1
DA:371,1
DA:372,1
DA:373,1
DA:374,1
DA:375,1
DA:376,1
DA:377,1
DA:378,1
DA:379,1
DA:380,1
DA:381,1
DA:382,1
DA:383,1
DA:384,1
DA:385,1
DA:386,1
DA:387,1
DA:388,1
DA:389,1
DA:390,1
DA:391,1
DA:392,1
DA:393,1
DA:394,1
DA:395,1
DA:396,1
DA:397,1
DA:398,1
DA:399,1
DA:400,1
DA:401,1
DA:402,1
DA:403,1
DA:404,1
DA:405,1
DA:406,1
DA:407,1
DA:408,1
DA:409,1
DA:410,1
DA:411,1
DA:412,1
DA:413,1
DA:414,1
DA:415,1
DA:416,1
DA:417,1
DA:418,1
DA:419,1
DA:420,1
DA:421,1
DA:422,1
DA:423,1
DA:424,1
DA:425,1
DA:426,1
DA:427,1
DA:428,1
DA:429,1
DA:430,1
DA:431,1
DA:432,1
DA:433,1
DA:434,1
DA:435,1
DA:436,1
DA:437,1
DA:438,1
DA:439,1
DA:440,1
DA:441,1
DA:442,1
DA:443,1
DA:444,1
DA:445,1
DA:446,1
DA:447,1
DA:448,1
DA:449,1
DA:450,1
DA:451,1
DA:452,1
DA:453,1
DA:454,1
DA:455,1
DA:456,1
DA:457,1
DA:458,1
DA:459,1
DA:460,1
DA:461,1
DA:462,1
DA:463,1
DA:464,1
DA:465,1
DA:466,1
DA:467,1
DA:468,1
DA:469,1
DA:470,1
DA:471,1
DA:472,1
DA:473,1
DA:474,1
DA:475,1
DA:476,1
DA:477,1
DA:478,1
DA:479,1
DA:480,1
DA:481,1
DA:482,1
DA:483,1
DA:484,1
DA:485,1
DA:486,1
DA:487,1
DA:488,1
DA:489,1
DA:490,1
DA:491,1
DA:492,1
DA:493,1
DA:494,1
DA:495,1
DA:496,1
DA:497,1
DA:498,1
DA:499,1
DA:500,1
DA:501,1
DA:502,1
DA:503,1
DA:504,1
DA:505,1
DA:506,1
DA:507,1
DA:508,1
DA:509,1
DA:510,1
DA:511,1
DA:512,1
DA:513,1
DA:514,1
DA:515,1
DA:516,1
DA:517,1
DA:518,1
DA:519,1
LF:519
LH:519
BRDA:24,0,0,48
BRDA:92,1,0,25
BRDA:98,2,0,23
BRDA:100,3,0,2
BRDA:109,4,0,21
BRDA:111,5,0,0
BRDA:113,6,0,20
BRDA:114,7,0,19
BRDA:119,8,0,2
BRDA:120,9,0,1
BRDA:120,10,0,20
BRDA:120,11,0,19
BRDA:120,12,0,2
BRDA:129,13,0,1
BRDA:129,14,0,20
BRDA:129,15,0,20
BRDA:129,16,0,1
BRDA:144,17,0,19
BRDA:146,18,0,16
BRDA:151,19,0,16
BRDA:162,20,0,20
BRDA:162,21,0,20
BRDA:162,22,0,1
BRDA:162,23,0,20
BRDA:162,24,0,20
BRDA:162,25,0,1
BRDA:166,26,0,1
BRDA:166,27,0,20
BRDA:166,28,0,20
BRDA:166,29,0,1
BRDA:168,30,0,1
BRDA:168,31,0,20
BRDA:168,32,0,19
BRDA:171,33,0,19
BRDA:173,34,0,0
BRDA:176,35,0,1
BRDA:176,36,0,20
BRDA:176,37,0,20
BRDA:183,38,0,1
BRDA:193,39,0,1
BRDA:203,40,0,19
BRDA:216,41,0,1
BRDA:231,42,0,1
BRDA:237,43,0,21
BRDA:244,44,0,1
BRDA:244,45,0,20
BRDA:246,46,0,1
BRDA:31,47,0,24
BRDA:32,48,0,0
BRDA:33,49,0,22
BRDA:34,50,0,20
BRDA:38,51,0,1
BRDA:41,52,0,19
BRDA:43,53,0,14
BRDA:47,54,0,21
BRDA:52,55,0,24
BRDA:58,56,0,21
BRDA:59,57,0,2
BRDA:59,58,0,19
BRDA:64,59,0,0
BRDA:64,60,0,19
BRDA:68,61,0,21
BRDA:77,62,0,2
BRDA:78,63,0,0
BRDA:84,64,0,1
BRDA:87,65,0,2
BRDA:88,66,0,0
BRDA:89,67,0,1
BRDA:104,68,0,1
BRDA:125,69,0,1
BRDA:241,70,0,2
BRDA:241,71,0,2
BRF:72
BRH:66
end_of_record
TN:
SF:app/(auth)/forgot-password.tsx
FN:19,ForgotPasswordScreen
FN:81,onPress
FNF:2
FNH:2
FNDA:13,ForgotPasswordScreen
FNDA:1,onPress
DA:1,1
DA:2,1
DA:3,1
DA:4,1
DA:5,1
DA:6,1
DA:7,1
DA:8,1
DA:9,1
DA:10,1
DA:11,1
DA:12,1
DA:13,1
DA:14,1
DA:15,1
DA:16,1
DA:17,1
DA:18,1
DA:19,1
DA:20,13
DA:21,13
DA:22,13
DA:23,13
DA:24,13
DA:25,13
DA:26,4
DA:27,4
DA:28,4
DA:29,2
DA:30,2
DA:31,2
DA:32,2
DA:33,2
DA:34,2
DA:35,2
DA:36,2
DA:37,2
DA:38,2
DA:39,2
DA:40,2
DA:41,2
DA:42,4
DA:43,1
DA:44,1
DA:45,1
DA:46,1
DA:47,1
DA:48,13
DA:49,13
DA:50,13
DA:51,1
DA:52,1
DA:53,1
DA:54,1
DA:55,1
DA:56,1
DA:57,1
DA:58,1
DA:59,1
DA:60,1
DA:61,1
DA:62,1
DA:63,1
DA:64,1
DA:65,1
DA:66,1
DA:67,1
DA:68,1
DA:69,12
DA:70,12
DA:71,12
DA:72,12
DA:73,13
DA:74,13
DA:75,13
DA:76,13
DA:77,13
DA:78,13
DA:79,13
DA:80,13
DA:81,13
DA:82,13
DA:83,13
DA:84,13
DA:85,13
DA:86,13
DA:87,13
DA:88,13
DA:89,13
DA:90,13
DA:91,13
DA:92,13
DA:93,13
DA:94,13
DA:95,13
DA:96,13
DA:97,13
DA:98,13
DA:99,13
DA:100,13
DA:101,13
DA:102,13
DA:103,13
DA:104,13
DA:105,13
DA:106,13
DA:107,13
DA:108,13
DA:109,13
DA:110,13
DA:111,13
DA:112,13
DA:113,13
DA:114,13
DA:115,13
DA:116,13
DA:117,13
DA:118,13
DA:119,13
DA:120,13
DA:121,13
DA:122,13
DA:123,13
DA:124,13
DA:125,13
DA:126,13
DA:127,1
DA:128,1
DA:129,1
DA:130,1
DA:131,1
DA:132,1
DA:133,1
DA:134,1
DA:135,1
DA:136,1
DA:137,1
DA:138,1
DA:139,1
DA:140,1
DA:141,1
DA:142,1
DA:143,1
DA:144,1
DA:145,1
DA:146,1
DA:147,1
DA:148,1
DA:149,1
DA:150,1
DA:151,1
DA:152,1
DA:153,1
DA:154,1
DA:155,1
DA:156,1
DA:157,1
DA:158,1
DA:159,1
DA:160,1
DA:161,1
DA:162,1
DA:163,1
DA:164,1
DA:165,1
DA:166,1
DA:167,1
DA:168,1
DA:169,1
DA:170,1
DA:171,1
DA:172,1
DA:173,1
DA:174,1
DA:175,1
DA:176,1
DA:177,1
DA:178,1
DA:179,1
DA:180,1
DA:181,1
DA:182,1
DA:183,1
DA:184,1
DA:185,1
DA:186,1
DA:187,1
DA:188,1
DA:189,1
DA:190,1
DA:191,1
DA:192,1
DA:193,1
DA:194,1
DA:195,1
DA:196,1
DA:197,1
DA:198,1
DA:199,1
DA:200,1
DA:201,1
DA:202,1
DA:203,1
DA:204,1
DA:205,1
DA:206,1
DA:207,1
DA:208,1
DA:209,1
DA:210,1
DA:211,1
DA:212,1
DA:213,1
DA:214,1
DA:215,1
DA:216,1
DA:217,1
DA:218,1
DA:219,1
DA:220,1
DA:221,1
DA:222,1
DA:223,1
DA:224,1
DA:225,1
DA:226,1
DA:227,1
DA:228,1
DA:229,1
DA:230,1
DA:231,1
DA:232,1
LF:232
LH:232
BRDA:19,0,0,13
BRDA:50,1,0,1
BRDA:68,2,0,12
BRDA:73,3,0,0
BRDA:108,4,0,3
BRDA:25,5,0,13
BRDA:25,6,0,4
BRDA:28,7,0,2
BRDA:42,8,0,1
BRDA:81,9,0,1
BRF:10
BRH:9
end_of_record
TN:
SF:app/(auth)/login.tsx
FN:19,LoginScreen
FN:85,onPress
FNF:2
FNH:2
FNDA:20,LoginScreen
FNDA:2,onPress
DA:1,1
DA:2,1
DA:3,1
DA:4,1
DA:5,1
DA:6,1
DA:7,1
DA:8,1
DA:9,1
DA:10,1
DA:11,1
DA:12,1
DA:13,1
DA:14,1
DA:15,1
DA:16,1
DA:17,1
DA:18,1
DA:19,1
DA:20,20
DA:21,20
DA:22,20
DA:23,20
DA:24,20
DA:25,20
DA:26,20
DA:27,4
DA:28,4
DA:29,4
DA:30,2
DA:31,2
DA:32,2
DA:33,2
DA:34,2
DA:35,2
DA:36,2
DA:37,2
DA:38,4
DA:39,1
DA:40,1
DA:41,1
DA:42,1
DA:43,1
DA:44,20
DA:45,20
DA:46,20
DA:47,20
DA:48,20
DA:49,20
DA:50,20
DA:51,20
DA:52,20
DA:53,20
DA:54,20
DA:55,20
DA:56,20
DA:57,20
DA:58,20
DA:59,20
DA:60,20
DA:61,20
DA:62,20
DA:63,20
DA:64,20
DA:65,20
DA:66,20
DA:67,20
DA:68,20
DA:69,20
DA:70,20
DA:71,20
DA:72,20
DA:73,20
DA:74,20
DA:75,20
DA:76,20
DA:77,20
DA:78,20
DA:79,20
DA:80,20
DA:81,20
DA:82,20
DA:83,20
DA:84,20
DA:85,20
DA:86,20
DA:87,20
DA:88,20
DA:89,20
DA:90,20
DA:91,20
DA:92,20
DA:93,20
DA:94,20
DA:95,20
DA:96,20
DA:97,20
DA:98,20
DA:99,20
DA:100,20
DA:101,20
DA:102,20
DA:103,20
DA:104,20
DA:105,20
DA:106,20
DA:107,20
DA:108,20
DA:109,20
DA:110,20
DA:111,20
DA:112,20
DA:113,20
DA:114,20
DA:115,20
DA:116,1
DA:117,1
DA:118,1
DA:119,1
DA:120,1
DA:121,1
DA:122,1
DA:123,1
DA:124,1
DA:125,1
DA:126,1
DA:127,1
DA:128,1
DA:129,1
DA:130,1
DA:131,1
DA:132,1
DA:133,1
DA:134,1
DA:135,1
DA:136,1
DA:137,1
DA:138,1
DA:139,1
DA:140,1
DA:141,1
DA:142,1
DA:143,1
DA:144,1
DA:145,1
DA:146,1
DA:147,1
DA:148,1
DA:149,1
DA:150,1
DA:151,1
DA:152,1
DA:153,1
DA:154,1
DA:155,1
DA:156,1
DA:157,1
DA:158,1
DA:159,1
DA:160,1
DA:161,1
DA:162,1
DA:163,1
DA:164,1
DA:165,1
DA:166,1
DA:167,1
DA:168,1
DA:169,1
DA:170,1
DA:171,1
DA:172,1
DA:173,1
DA:174,1
DA:175,1
DA:176,1
DA:177,1
DA:178,1
DA:179,1
DA:180,1
DA:181,1
DA:182,1
DA:183,1
DA:184,1
DA:185,1
DA:186,1
DA:187,1
DA:188,1
LF:188
LH:188
BRDA:19,0,0,20
BRDA:49,1,0,0
BRDA:86,2,0,1
BRDA:86,3,0,19
BRDA:97,4,0,3
BRDA:26,5,0,20
BRDA:26,6,0,4
BRDA:29,7,0,2
BRDA:38,8,0,1
BRDA:85,9,0,2
BRDA:85,10,0,2
BRF:11
BRH:10
end_of_record
TN:
SF:app/(auth)/reset-password.tsx
FN:19,ResetPasswordScreen
FN:77,onPress
FN:93,onPress
FNF:3
FNH:3
FNDA:20,ResetPasswordScreen
FNDA:2,onPress
FNDA:2,onPress
DA:1,1
DA:2,1
DA:3,1
DA:4,1
DA:5,1
DA:6,1
DA:7,1
DA:8,1
DA:9,1
DA:10,1
DA:11,1
DA:12,1
DA:13,1
DA:14,1
DA:15,1
DA:16,1
DA:17,1
DA:18,1
DA:19,1
DA:20,20
DA:21,20
DA:22,20
DA:23,20
DA:24,20
DA:25,20
DA:26,20
DA:27,20
DA:28,4
DA:29,4
DA:30,4
DA:31,2
DA:32,2
DA:33,2
DA:34,2
DA:35,2
DA:36,2
DA:37,2
DA:38,2
DA:39,2
DA:40,2
DA:41,4
DA:42,1
DA:43,1
DA:44,1
DA:45,1
DA:46,1
DA:47,20
DA:48,20
DA:49,20
DA:50,20
DA:51,20
DA:52,20
DA:53,20
DA:54,20
DA:55,20
DA:56,20
DA:57,20
DA:58,20
DA:59,20
DA:60,20
DA:61,20
DA:62,20
DA:63,20
DA:64,20
DA:65,20
DA:66,20
DA:67,20
DA:68,20
DA:69,20
DA:70,20
DA:71,20
DA:72,20
DA:73,20
DA:74,20
DA:75,20
DA:76,20
DA:77,20
DA:78,20
DA:79,20
DA:80,20
DA:81,20
DA:82,20
DA:83,20
DA:84,20
DA:85,20
DA:86,20
DA:87,20
DA:88,20
DA:89,20
DA:90,20
DA:91,20
DA:92,20
DA:93,20
DA:94,20
DA:95,20
DA:96,20
DA:97,20
DA:98,20
DA:99,20
DA:100,20
DA:101,20
DA:102,20
DA:103,20
DA:104,20
DA:105,20
DA:106,20
DA:107,20
DA:108,20
DA:109,20
DA:110,20
DA:111,1
DA:112,1
DA:113,1
DA:114,1
DA:115,1
DA:116,1
DA:117,1
DA:118,1
DA:119,1
DA:120,1
DA:121,1
DA:122,1
DA:123,1
DA:124,1
DA:125,1
DA:126,1
DA:127,1
DA:128,1
DA:129,1
DA:130,1
DA:131,1
DA:132,1
DA:133,1
DA:134,1
DA:135,1
DA:136,1
DA:137,1
DA:138,1
DA:139,1
DA:140,1
DA:141,1
DA:142,1
DA:143,1
DA:144,1
DA:145,1
DA:146,1
DA:147,1
DA:148,1
DA:149,1
DA:150,1
DA:151,1
DA:152,1
DA:153,1
DA:154,1
DA:155,1
DA:156,1
DA:157,1
LF:157
LH:157
BRDA:19,0,0,20
BRDA:52,1,0,0
BRDA:79,2,0,1
BRDA:79,3,0,19
BRDA:95,4,0,1
BRDA:95,5,0,19
BRDA:101,6,0,3
BRDA:27,7,0,20
BRDA:27,8,0,4
BRDA:30,9,0,2
BRDA:41,10,0,1
BRDA:77,11,0,2
BRDA:77,12,0,2
BRDA:93,13,0,2
BRDA:93,14,0,2
BRF:15
BRH:14
end_of_record
TN:
SF:app/(auth)/signup.tsx
FN:22,SignupScreen
FN:155,onPress
FN:179,onPress
FN:195,onPress
FN:225,onRequestClose
FN:230,onPress
FN:246,keyExtractor
FN:247,renderItem
FN:253,onPress
FN:272,ItemSeparatorComponent
FNF:10
FNH:8
FNDA:57,SignupScreen
FNDA:7,onPress
FNDA:1,onPress
FNDA:0,onPress
FNDA:0,onRequestClose
FNDA:1,onPress
FNDA:101,keyExtractor
FNDA:72,renderItem
FNDA:4,onPress
FNDA:71,ItemSeparatorComponent
DA:1,1
DA:2,1
DA:3,1
DA:4,1
DA:5,1
DA:6,1
DA:7,1
DA:8,1
DA:9,1
DA:10,1
DA:11,1
DA:12,1
DA:13,1
DA:14,1
DA:15,1
DA:16,1
DA:17,1
DA:18,1
DA:19,1
DA:20,1
DA:21,1
DA:22,1
DA:23,57
DA:24,57
DA:25,57
DA:26,57
DA:27,57
DA:28,57
DA:29,57
DA:30,57
DA:31,57
DA:32,57
DA:33,57
DA:34,57
DA:35,57
DA:36,57
DA:37,57
DA:38,2736
DA:39,57
DA:40,57
DA:41,57
DA:42,6
DA:43,6
DA:44,6
DA:45,6
DA:46,6
DA:47,6
DA:48,6
DA:49,6
DA:50,6
DA:51,6
DA:52,6
DA:53,4
DA:54,4
DA:55,4
DA:56,2
DA:57,2
DA:58,2
DA:59,2
DA:60,2
DA:61,2
DA:62,2
DA:63,2
DA:64,2
DA:65,2
DA:66,2
DA:67,2
DA:68,2
DA:69,2
DA:70,2
DA:71,6
DA:72,1
DA:73,1
DA:74,1
DA:75,1
DA:76,1
DA:77,57
DA:78,57
DA:79,57
DA:80,1
DA:81,1
DA:82,1
DA:83,1
DA:84,1
DA:85,1
DA:86,1
DA:87,1
DA:88,1
DA:89,1
DA:90,1
DA:91,1
DA:92,1
DA:93,1
DA:94,1
DA:95,1
DA:96,1
DA:97,1
DA:98,56
DA:99,56
DA:100,56
DA:101,56
DA:102,56
DA:103,57
DA:104,57
DA:105,57
DA:106,57
DA:107,57
DA:108,57
DA:109,57
DA:110,57
DA:111,57
DA:112,57
DA:113,57
DA:114,57
DA:115,57
DA:116,57
DA:117,57
DA:118,57
DA:119,57
DA:120,57
DA:121,57
DA:122,57
DA:123,57
DA:124,57
DA:125,57
DA:126,57
DA:127,57
DA:128,57
DA:129,57
DA:130,57
DA:131,57
DA:132,57
DA:133,57
DA:134,57
DA:135,57
DA:136,57
DA:137,57
DA:138,57
DA:139,57
DA:140,57
DA:141,57
DA:142,57
DA:143,57
DA:144,57
DA:145,57
DA:146,57
DA:147,57
DA:148,57
DA:149,57
DA:150,57
DA:151,57
DA:152,57
DA:153,57
DA:154,57
DA:155,57
DA:156,57
DA:157,57
DA:158,57
DA:159,57
DA:160,57
DA:161,57
DA:162,57
DA:163,57
DA:164,57
DA:165,57
DA:166,57
DA:167,57
DA:168,57
DA:169,57
DA:170,57
DA:171,57
DA:172,57
DA:173,57
DA:174,57
DA:175,57
DA:176,57
DA:177,57
DA:178,57
DA:179,57
DA:180,57
DA:181,57
DA:182,57
DA:183,57
DA:184,57
DA:185,57
DA:186,57
DA:187,57
DA:188,57
DA:189,57
DA:190,57
DA:191,57
DA:192,57
DA:193,57
DA:194,57
DA:195,57
DA:196,57
DA:197,57
DA:198,57
DA:199,57
DA:200,57
DA:201,57
DA:202,57
DA:203,57
DA:204,57
DA:205,57
DA:206,57
DA:207,57
DA:208,57
DA:209,57
DA:210,57
DA:211,57
DA:212,57
DA:213,57
DA:214,57
DA:215,57
DA:216,57
DA:217,57
DA:218,57
DA:219,57
DA:220,57
DA:221,57
DA:222,57
DA:223,57
DA:224,57
DA:225,57
DA:226,57
DA:227,57
DA:228,57
DA:229,57
DA:230,57
DA:231,57
DA:232,57
DA:233,57
DA:234,57
DA:235,57
DA:236,57
DA:237,57
DA:238,57
DA:239,57
DA:240,57
DA:241,57
DA:242,57
DA:243,57
DA:244,57
DA:245,57
DA:246,57
DA:247,57
DA:248,72
DA:249,72
DA:250,72
DA:251,72
DA:252,72
DA:253,72
DA:254,4
DA:255,4
DA:256,4
DA:257,4
DA:258,72
DA:259,72
DA:260,72
DA:261,72
DA:262,72
DA:263,72
DA:264,72
DA:265,72
DA:266,72
DA:267,72
DA:268,1
DA:269,72
DA:270,72
DA:271,57
DA:272,57
DA:273,57
DA:274,57
DA:275,57
DA:276,57
DA:277,57
DA:278,57
DA:279,1
DA:280,1
DA:281,1
DA:282,1
DA:283,1
DA:284,1
DA:285,1
DA:286,1
DA:287,1
DA:288,1
DA:289,1
DA:290,1
DA:291,1
DA:292,1
DA:293,1
DA:294,1
DA:295,1
DA:296,1
DA:297,1
DA:298,1
DA:299,1
DA:300,1
DA:301,1
DA:302,1
DA:303,1
DA:304,1
DA:305,1
DA:306,1
DA:307,1
DA:308,1
DA:309,1
DA:310,1
DA:311,1
DA:312,1
DA:313,1
DA:314,1
DA:315,1
DA:316,1
DA:317,1
DA:318,1
DA:319,1
DA:320,1
DA:321,1
DA:322,1
DA:323,1
DA:324,1
DA:325,1
DA:326,1
DA:327,1
DA:328,1
DA:329,1
DA:330,1
DA:331,1
DA:332,1
DA:333,1
DA:334,1
DA:335,1
DA:336,1
DA:337,1
DA:338,1
DA:339,1
DA:340,1
DA:341,1
DA:342,1
DA:343,1
DA:344,1
DA:345,1
DA:346,1
DA:347,1
DA:348,1
DA:349,1
DA:350,1
DA:351,1
DA:352,1
DA:353,1
DA:354,1
DA:355,1
DA:356,1
DA:357,1
DA:358,1
DA:359,1
DA:360,1
DA:361,1
DA:362,1
DA:363,1
DA:364,1
DA:365,1
DA:366,1
DA:367,1
DA:368,1
DA:369,1
DA:370,1
DA:371,1
DA:372,1
DA:373,1
DA:374,1
DA:375,1
DA:376,1
DA:377,1
DA:378,1
DA:379,1
DA:380,1
DA:381,1
DA:382,1
DA:383,1
DA:384,1
DA:385,1
DA:386,1
DA:387,1
DA:388,1
DA:389,1
DA:390,1
DA:391,1
DA:392,1
DA:393,1
DA:394,1
DA:395,1
DA:396,1
DA:397,1
DA:398,1
DA:399,1
DA:400,1
DA:401,1
DA:402,1
DA:403,1
DA:404,1
DA:405,1
DA:406,1
DA:407,1
DA:408,1
DA:409,1
DA:410,1
DA:411,1
DA:412,1
DA:413,1
DA:414,1
DA:415,1
DA:416,1
DA:417,1
DA:418,1
DA:419,1
DA:420,1
DA:421,1
DA:422,1
DA:423,1
DA:424,1
DA:425,1
DA:426,1
DA:427,1
DA:428,1
DA:429,1
DA:430,1
DA:431,1
DA:432,1
DA:433,1
DA:434,1
DA:435,1
DA:436,1
DA:437,1
DA:438,1
DA:439,1
DA:440,1
DA:441,1
DA:442,1
DA:443,1
DA:444,1
DA:445,1
DA:446,1
DA:447,1
DA:448,1
DA:449,1
DA:450,1
DA:451,1
DA:452,1
DA:453,1
DA:454,1
DA:455,1
DA:456,1
DA:457,1
DA:458,1
DA:459,1
DA:460,1
DA:461,1
DA:462,1
DA:463,1
DA:464,1
DA:465,1
DA:466,1
DA:467,1
DA:468,1
DA:469,1
DA:470,1
DA:471,1
DA:472,1
DA:473,1
DA:474,1
DA:475,1
DA:476,1
DA:477,1
DA:478,1
DA:479,1
DA:480,1
DA:481,1
DA:482,1
DA:483,1
DA:484,1
LF:484
LH:484
BRDA:22,0,0,57
BRDA:79,1,0,1
BRDA:97,2,0,56
BRDA:103,3,0,0
BRDA:153,4,0,7
BRDA:153,5,0,49
BRDA:161,6,0,49
BRDA:165,7,0,49
BRDA:181,8,0,1
BRDA:181,9,0,55
BRDA:197,10,0,0
BRDA:197,11,0,56
BRDA:203,12,0,5
BRDA:37,13,0,2736
BRDA:41,14,0,57
BRDA:41,15,0,6
BRDA:52,16,0,4
BRDA:55,17,0,2
BRDA:71,18,0,1
BRDA:155,19,0,7
BRDA:179,20,0,1
BRDA:179,21,0,1
BRDA:230,22,0,1
BRDA:246,23,0,101
BRDA:247,24,0,72
BRDA:251,25,0,1
BRDA:262,26,0,1
BRDA:267,27,0,1
BRDA:253,28,0,4
BRDA:272,29,0,71
BRF:30
BRH:28
end_of_record
TN:
SF:components/ui/Badge.tsx
FN:14,Badge
FNF:1
FNH:1
FNDA:9,Badge
DA:1,1
DA:2,1
DA:3,1
DA:4,1
DA:5,1
DA:6,1
DA:7,1
DA:8,1
DA:9,1
DA:10,1
DA:11,1
DA:12,1
DA:13,1
DA:14,1
DA:15,9
DA:16,9
DA:17,9
DA:18,9
DA:19,9
DA:20,9
DA:21,9
DA:22,9
DA:23,1
DA:24,1
DA:25,1
DA:26,1
DA:27,1
DA:28,1
DA:29,1
DA:30,1
DA:31,1
DA:32,1
DA:33,1
DA:34,1
DA:35,1
DA:36,1
DA:37,1
DA:38,1
DA:39,1
DA:40,1
DA:41,1
DA:42,1
DA:43,1
DA:44,1
DA:45,1
DA:46,1
DA:47,1
DA:48,1
DA:49,1
DA:50,1
DA:51,1
DA:52,1
DA:53,1
DA:54,1
DA:55,1
DA:56,1
DA:57,1
DA:58,1
DA:59,1
DA:60,1
DA:61,1
DA:62,1
DA:63,1
DA:64,1
DA:65,1
DA:66,1
DA:67,1
DA:68,1
DA:69,1
DA:70,1
DA:71,1
DA:72,1
DA:73,1
DA:74,1
DA:75,1
DA:76,1
LF:76
LH:76
BRDA:14,0,0,9
BRDA:14,1,0,3
BRDA:14,2,0,6
BRF:3
BRH:3
end_of_record
TN:
SF:components/ui/Button.tsx
FN:23,Button
FNF:1
FNH:1
FNDA:169,Button
DA:1,1
DA:2,1
DA:3,1
DA:4,1
DA:5,1
DA:6,1
DA:7,1
DA:8,1
DA:9,1
DA:10,1
DA:11,1
DA:12,1
DA:13,1
DA:14,1
DA:15,1
DA:16,1
DA:17,1
DA:18,1
DA:19,1
DA:20,1
DA:21,1
DA:22,1
DA:23,1
DA:24,169
DA:25,169
DA:26,169
DA:27,169
DA:28,169
DA:29,169
DA:30,169
DA:31,169
DA:32,169
DA:33,169
DA:34,169
DA:35,169
DA:36,169
DA:37,169
DA:38,169
DA:39,169
DA:40,169
DA:41,169
DA:42,169
DA:43,169
DA:44,169
DA:45,169
DA:46,169
DA:47,169
DA:48,169
DA:49,169
DA:50,2
DA:51,2
DA:52,2
DA:53,2
DA:54,167
DA:55,167
DA:56,167
DA:57,166
DA:58,166
DA:59,166
DA:60,1
DA:61,1
DA:62,167
DA:63,167
DA:64,169
DA:65,169
DA:66,169
DA:67,169
DA:68,1
DA:69,1
DA:70,1
DA:71,1
DA:72,1
DA:73,1
DA:74,1
DA:75,1
DA:76,1
DA:77,1
DA:78,1
DA:79,1
DA:80,1
DA:81,1
DA:82,1
DA:83,1
DA:84,1
DA:85,1
DA:86,1
DA:87,1
DA:88,1
DA:89,1
DA:90,1
DA:91,1
DA:92,1
DA:93,1
DA:94,1
DA:95,1
DA:96,1
DA:97,1
DA:98,1
DA:99,1
DA:100,1
DA:101,1
DA:102,1
DA:103,1
DA:104,1
DA:105,1
DA:106,1
DA:107,1
DA:108,1
DA:109,1
DA:110,1
DA:111,1
DA:112,1
DA:113,1
DA:114,1
DA:115,1
DA:116,1
DA:117,1
DA:118,1
DA:119,1
DA:120,1
DA:121,1
DA:122,1
DA:123,1
DA:124,1
DA:125,1
DA:126,1
DA:127,1
DA:128,1
DA:129,1
DA:130,1
DA:131,1
DA:132,1
DA:133,1
DA:134,1
DA:135,1
DA:136,1
DA:137,1
DA:138,1
DA:139,1
DA:140,1
DA:141,1
DA:142,1
DA:143,1
LF:143
LH:143
BRDA:23,0,0,169
BRDA:24,1,0,140
BRDA:24,2,0,29
BRDA:25,3,0,166
BRDA:25,4,0,3
BRDA:26,5,0,37
BRDA:26,6,0,132
BRDA:28,7,0,62
BRDA:28,8,0,107
BRDA:33,9,0,168
BRDA:41,10,0,107
BRDA:42,11,0,3
BRDA:49,12,0,2
BRDA:52,13,0,0
BRDA:54,14,0,167
BRDA:56,15,0,166
BRDA:60,16,0,1
BRF:17
BRH:16
end_of_record
TN:
SF:components/ui/Card.tsx
FN:10,Card
FNF:1
FNH:1
FNDA:4,Card
DA:1,1
DA:2,1
DA:3,1
DA:4,1
DA:5,1
DA:6,1
DA:7,1
DA:8,1
DA:9,1
DA:10,1
DA:11,4
DA:12,4
DA:13,4
DA:14,4
DA:15,4
DA:16,4
DA:17,1
DA:18,1
DA:19,1
DA:20,1
DA:21,1
DA:22,1
DA:23,1
DA:24,1
DA:25,1
LF:25
LH:25
BRDA:10,0,0,4
BRDA:10,1,0,3
BRDA:10,2,0,1
BRF:3
BRH:3
end_of_record
TN:
SF:components/ui/ErrorMessage.tsx
FN:9,ErrorMessage
FNF:1
FNH:1
FNDA:21,ErrorMessage
DA:1,1
DA:2,1
DA:3,1
DA:4,1
DA:5,1
DA:6,1
DA:7,1
DA:8,1
DA:9,1
DA:10,21
DA:11,21
DA:12,21
DA:13,21
DA:14,21
DA:15,21
DA:16,1
DA:17,1
DA:18,1
DA:19,1
DA:20,1
DA:21,1
DA:22,1
DA:23,1
DA:24,1
DA:25,1
DA:26,1
DA:27,1
DA:28,1
LF:28
LH:28
BRDA:9,0,0,21
BRF:1
BRH:1
end_of_record
TN:
SF:components/ui/Input.tsx
FN:19,Input
FN:42,onFocus
FN:43,onBlur
FNF:3
FNH:3
FNDA:474,Input
FNDA:1,onFocus
FNDA:1,onBlur
DA:1,1
DA:2,1
DA:3,1
DA:4,1
DA:5,1
DA:6,1
DA:7,1
DA:8,1
DA:9,1
DA:10,1
DA:11,1
DA:12,1
DA:13,1
DA:14,1
DA:15,1
DA:16,1
DA:17,1
DA:18,1
DA:19,1
DA:20,474
DA:21,474
DA:22,474
DA:23,474
DA:24,474
DA:25,474
DA:26,474
DA:27,474
DA:28,474
DA:29,474
DA:30,474
DA:31,474
DA:32,474
DA:33,474
DA:34,474
DA:35,474
DA:36,474
DA:37,474
DA:38,474
DA:39,474
DA:40,474
DA:41,474
DA:42,474
DA:43,474
DA:44,474
DA:45,474
DA:46,474
DA:47,170
DA:48,474
DA:49,474
DA:50,474
DA:51,474
DA:52,474
DA:53,474
DA:54,474
DA:55,1
DA:56,1
DA:57,1
DA:58,1
DA:59,1
DA:60,1
DA:61,1
DA:62,1
DA:63,1
DA:64,1
DA:65,1
DA:66,1
DA:67,1
DA:68,1
DA:69,1
DA:70,1
DA:71,1
DA:72,1
DA:73,1
DA:74,1
DA:75,1
DA:76,1
DA:77,1
DA:78,1
DA:79,1
DA:80,1
DA:81,1
DA:82,1
DA:83,1
DA:84,1
DA:85,1
DA:86,1
DA:87,1
DA:88,1
DA:89,1
DA:90,1
DA:91,1
DA:92,1
DA:93,1
DA:94,1
DA:95,1
DA:96,1
DA:97,1
DA:98,1
DA:99,1
DA:100,1
LF:100
LH:100
BRDA:19,0,0,474
BRDA:31,1,0,465
BRDA:35,2,0,1
BRDA:36,3,0,2
BRDA:40,4,0,170
BRDA:40,5,0,304
BRDA:46,6,0,170
BRDA:50,7,0,2
BRDA:51,8,0,50
BRDA:51,9,0,49
BRDA:42,10,0,1
BRDA:43,11,0,1
BRF:12
BRH:12
end_of_record
TN:
SF:context/AuthContext.tsx
FN:16,signOut
FN:19,AuthProvider
FN:52,useAuth
FNF:3
FNH:2
FNDA:0,signOut
FNDA:15,AuthProvider
FNDA:15,useAuth
DA:1,1
DA:2,1
DA:3,1
DA:4,1
DA:5,1
DA:6,1
DA:7,1
DA:8,1
DA:9,1
DA:10,1
DA:11,1
DA:12,1
DA:13,1
DA:14,1
DA:15,1
DA:16,1
DA:17,1
DA:18,1
DA:19,1
DA:20,15
DA:21,15
DA:22,15
DA:23,15
DA:24,15
DA:25,7
DA:26,6
DA:27,6
DA:28,6
DA:29,7
DA:30,7
DA:31,7
DA:32,7
DA:33,7
DA:34,2
DA:35,2
DA:36,7
DA:37,7
DA:38,7
DA:39,15
DA:40,15
DA:41,15
DA:42,1
DA:43,15
DA:44,15
DA:45,15
DA:46,15
DA:47,15
DA:48,15
DA:49,15
DA:50,15
DA:51,1
DA:52,1
DA:53,15
DA:54,15
LF:54
LH:54
BRDA:16,0,0,1
BRDA:19,1,0,15
BRDA:24,2,0,7
BRDA:25,3,0,6
BRDA:27,4,0,3
BRDA:27,5,0,3
BRDA:27,6,0,3
BRDA:27,7,0,3
BRDA:33,8,0,2
BRDA:35,9,0,1
BRDA:35,10,0,1
BRDA:35,11,0,1
BRDA:35,12,0,1
BRDA:38,13,0,7
BRDA:41,14,0,15
BRDA:41,15,0,1
BRDA:52,16,0,15
BRF:17
BRH:17
end_of_record
TN:
SF:schemas/auth.ts
FN:79,exports.signupSchema._zod.z.object.especialidad._zod.z.string.min.refine.message
FN:83,exports.signupSchema._zod.z.object.refine.message
FN:88,exports.signupSchema.zod_1.z.object.especialidad.zod_1.z.string.min.refine.message
FN:89,exports.signupSchema.zod_1.z.object.refine.message
FN:99,exports.resetPasswordSchema._zod.z.object.refine.message
FNF:5
FNH:5
FNDA:6,exports.signupSchema._zod.z.object.especialidad._zod.z.string.min.refine.message
FNDA:6,exports.signupSchema._zod.z.object.refine.message
FNDA:18,exports.signupSchema.zod_1.z.object.especialidad.zod_1.z.string.min.refine.message
FNDA:18,exports.signupSchema.zod_1.z.object.refine.message
FNDA:4,exports.resetPasswordSchema._zod.z.object.refine.message
DA:1,1
DA:2,1
DA:3,1
DA:4,1
DA:5,1
DA:6,1
DA:7,1
DA:8,1
DA:9,1
DA:10,1
DA:11,1
DA:12,1
DA:13,1
DA:14,1
DA:15,1
DA:16,1
DA:17,1
DA:18,1
DA:19,1
DA:20,1
DA:21,1
DA:22,1
DA:23,1
DA:24,1
DA:25,1
DA:26,1
DA:27,1
DA:28,1
DA:29,1
DA:30,1
DA:31,1
DA:32,1
DA:33,1
DA:34,1
DA:35,1
DA:36,1
DA:37,1
DA:38,1
DA:39,1
DA:40,1
DA:41,1
DA:42,1
DA:43,1
DA:44,1
DA:45,1
DA:46,1
DA:47,1
DA:48,1
DA:49,1
DA:50,1
DA:51,1
DA:52,1
DA:53,1
DA:54,1
DA:55,1
DA:56,1
DA:57,1
DA:58,1
DA:59,1
DA:60,1
DA:61,1
DA:62,1
DA:63,1
DA:64,1
DA:65,1
DA:66,1
DA:67,1
DA:68,1
DA:69,1
DA:70,1
DA:71,1
DA:72,1
DA:73,1
DA:74,1
DA:75,1
DA:76,1
DA:77,1
DA:78,1
DA:79,1
DA:80,1
DA:81,1
DA:82,1
DA:83,1
DA:84,1
DA:85,1
DA:86,1
DA:87,1
DA:88,1
DA:89,1
DA:90,18
DA:91,18
DA:92,1
DA:93,1
DA:94,1
DA:95,1
DA:96,1
DA:97,1
DA:98,1
DA:99,1
DA:100,1
DA:101,1
DA:102,1
LF:102
LH:102
BRDA:79,0,0,6
BRDA:83,1,0,6
BRDA:88,2,0,18
BRDA:89,3,0,18
BRDA:99,4,0,4
BRF:5
BRH:5
end_of_record
TN:
SF:services/informes.ts
FN:3,createPatient
FN:30,createInforme
FN:50,getInformes
FN:66,getInforme
FN:83,updateInformeStatus
FN:109,getPdfSignedUrl
FN:116,uploadAudio
FN:139,processInformeWithAI
FNF:8
FNH:8
FNDA:3,createPatient
FNDA:3,createInforme
FNDA:3,getInformes
FNDA:3,getInforme
FNDA:12,updateInformeStatus
FNDA:2,getPdfSignedUrl
FNDA:3,uploadAudio
FNDA:6,processInformeWithAI
DA:1,1
DA:2,1
DA:3,1
DA:4,3
DA:5,3
DA:6,3
DA:7,3
DA:8,3
DA:9,3
DA:10,3
DA:11,3
DA:12,3
DA:13,2
DA:14,2
DA:15,2
DA:16,2
DA:17,2
DA:18,2
DA:19,3
DA:20,3
DA:21,3
DA:22,3
DA:23,3
DA:24,3
DA:25,2
DA:26,3
DA:27,1
DA:28,1
DA:29,1
DA:30,1
DA:31,3
DA:32,3
DA:33,3
DA:34,3
DA:35,2
DA:36,2
DA:37,2
DA:38,2
DA:39,2
DA:40,2
DA:41,2
DA:42,2
DA:43,2
DA:44,2
DA:45,2
DA:46,3
DA:47,1
DA:48,1
DA:49,1
DA:50,1
DA:51,3
DA:52,3
DA:53,3
DA:54,3
DA:55,2
DA:56,2
DA:57,2
DA:58,2
DA:59,2
DA:60,2
DA:61,2
DA:62,3
DA:63,1
DA:64,1
DA:65,1
DA:66,1
DA:67,3
DA:68,3
DA:69,3
DA:70,3
DA:71,2
DA:72,2
DA:73,2
DA:74,2
DA:75,2
DA:76,2
DA:77,2
DA:78,2
DA:79,3
DA:80,1
DA:81,1
DA:82,1
DA:83,1
DA:84,12
DA:85,12
DA:86,12
DA:87,12
DA:88,12
DA:89,12
DA:90,12
DA:91,12
DA:92,12
DA:93,12
DA:94,12
DA:95,12
DA:96,12
DA:97,12
DA:98,11
DA:99,11
DA:100,11
DA:101,11
DA:102,11
DA:103,11
DA:104,11
DA:105,12
DA:106,10
DA:107,10
DA:108,1
DA:109,1
DA:110,2
DA:111,2
DA:112,2
DA:113,2
DA:114,2
DA:115,1
DA:116,1
DA:117,3
DA:118,3
DA:119,3
DA:120,3
DA:121,3
DA:122,3
DA:123,3
DA:124,3
DA:125,3
DA:126,3
DA:127,3
DA:128,3
DA:129,3
DA:130,3
DA:131,3
DA:132,3
DA:133,3
DA:134,3
DA:135,3
DA:136,2
DA:137,2
DA:138,1
DA:139,1
DA:140,6
DA:141,6
DA:142,6
DA:143,6
DA:144,6
DA:145,6
DA:146,6
DA:147,6
DA:148,5
DA:149,5
DA:150,5
DA:151,5
DA:152,5
DA:153,5
DA:154,5
DA:155,5
DA:156,6
DA:157,6
DA:158,6
DA:159,6
DA:160,6
DA:161,6
DA:162,6
DA:163,6
DA:164,6
DA:165,6
DA:166,6
DA:167,6
DA:168,6
DA:169,3
DA:170,6
DA:171,2
DA:172,2
DA:173,2
DA:174,1
DA:175,1
DA:176,6
DA:177,4
DA:178,4
DA:179,4
DA:180,4
DA:181,6
LF:181
LH:181
BRDA:3,0,0,3
BRDA:12,1,0,1
BRDA:13,2,0,2
BRDA:19,3,0,1
BRDA:21,4,0,2
BRDA:21,5,0,1
BRDA:25,6,0,2
BRDA:26,7,0,1
BRDA:30,8,0,3
BRDA:34,9,0,1
BRDA:35,10,0,2
BRDA:46,11,0,1
BRDA:50,12,0,3
BRDA:54,13,0,1
BRDA:55,14,0,2
BRDA:62,15,0,1
BRDA:66,16,0,3
BRDA:70,17,0,1
BRDA:71,18,0,2
BRDA:79,19,0,1
BRDA:83,20,0,12
BRDA:97,21,0,1
BRDA:98,22,0,11
BRDA:105,23,0,1
BRDA:106,24,0,10
BRDA:109,25,0,2
BRDA:113,26,0,1
BRDA:113,27,0,1
BRDA:116,28,0,3
BRDA:122,29,0,2
BRDA:122,30,0,1
BRDA:135,31,0,1
BRDA:136,32,0,2
BRDA:139,33,0,6
BRDA:147,34,0,1
BRDA:148,35,0,5
BRDA:156,36,0,3
BRDA:169,37,0,3
BRDA:170,38,0,2
BRDA:172,39,0,1
BRDA:174,40,0,1
BRDA:176,41,0,4
BRDA:177,42,0,3
BRDA:177,43,0,1
BRF:44
BRH:44
end_of_record
